<?xml version="1.0" encoding="UTF-8"?>
<robot generator="Robot 7.2.2 (Python 3.8.10 on linux)" generated="2025-04-29T14:46:27.616291" rpa="false" schemaversion="5">
<suite id="s1" name="E Selling Case" source="/home/tluser/rb-fw/ESelling/Web-uat/Basic_Flow/E_Selling_Case.robot">
<test id="s1-t1" name="TestCase" line="7">
<kw name="Open E-Selling Website" owner="CommonKeywords">
<kw name="Set Up Browser Fullscreen" owner="CommonKeywords">
<kw name="Set Browser Timeout" owner="Browser">
<arg>${browser_timeout_new_context}</arg>
<tag>Config</tag>
<tag>Setter</tag>
<doc>Sets the timeout used by most input and getter keywords.</doc>
<status status="PASS" start="2025-04-29T14:46:28.172931" elapsed="0.012687"/>
</kw>
<kw name="Create List" owner="BuiltIn">
<msg time="2025-04-29T14:46:28.187348" level="INFO">${active_context} = []</msg>
<var>${active_context}</var>
<doc>Returns a list containing given items.</doc>
<status status="PASS" start="2025-04-29T14:46:28.186649" elapsed="0.002655"/>
</kw>
<kw name="Get Variable Value" owner="BuiltIn">
<msg time="2025-04-29T14:46:28.192544" level="INFO">${active_context_list} = []</msg>
<var>${active_context_list}</var>
<arg>$CONTEXT_LIST</arg>
<arg>${active_context}</arg>
<doc>Returns variable value or ``default`` if the variable does not exist.</doc>
<status status="PASS" start="2025-04-29T14:46:28.190018" elapsed="0.002909"/>
</kw>
<kw name="Get Length" owner="BuiltIn">
<msg time="2025-04-29T14:46:28.193738" level="INFO">Length is 0.</msg>
<msg time="2025-04-29T14:46:28.193990" level="INFO">${active_context_length} = 0</msg>
<var>${active_context_length}</var>
<arg>${active_context_list}</arg>
<doc>Returns and logs the length of the given item as an integer.</doc>
<status status="PASS" start="2025-04-29T14:46:28.193326" elapsed="0.000795"/>
</kw>
<if>
<branch type="IF" condition="${active_context_length} == 0">
<kw name="New Browser" owner="Browser">
<msg time="2025-04-29T14:46:28.196335" level="INFO">{"browser": "chromium", "headless": false, "chromiumSandbox": false, "devtools": false, "handleSIGHUP": true, "handleSIGINT": true, "handleSIGTERM": true, "slowMo": 0.0, "timeout": 30000.0, "tracesDir": "/home/tluser/rb-fw/ESelling/Web-uat/browser/traces/b5e539fc-9cc1-4716-b2eb-a07f16fa47fe"}</msg>
<msg time="2025-04-29T14:46:28.427965" level="INFO">Successfully created browser with options: {"browser":"chromium","headless":false,"chromiumSandbox":false,"devtools":false,"handleSIGHUP":true,"handleSIGINT":true,"handleSIGTERM":true,"slowMo":0,"timeout":30000,"tracesDir":"/home/tluser/rb-fw/ESelling/Web-uat/browser/traces/b5e539fc-9cc1-4716-b2eb-a07f16fa47fe"}</msg>
<arg>browser=${browser}</arg>
<arg>headless=${headless}</arg>
<arg>downloadsPath=${downloads_path}</arg>
<tag>BrowserControl</tag>
<tag>Setter</tag>
<doc>Create a new playwright Browser with specified options.</doc>
<status status="PASS" start="2025-04-29T14:46:28.194981" elapsed="0.233527"/>
</kw>
<kw name="New Context" owner="Browser">
<msg time="2025-04-29T14:46:28.430362" level="INFO">{
  "acceptDownloads": true,
  "bypassCSP": false,
  "forcedColors": "none",
  "ignoreHTTPSErrors": false,
  "javaScriptEnabled": true,
  "offline": false,
  "reducedMotion": "no-preference",
  "serviceWorkers": "allow",
  "viewport": {
    "width": 1900,
    "height": 1000
  }
}</msg>
<msg time="2025-04-29T14:46:28.456289" level="INFO">Successfully created context. </msg>
<msg time="2025-04-29T14:46:28.456703" level="INFO">{'acceptDownloads': True, 'bypassCSP': False, 'forcedColors': 'none', 'ignoreHTTPSErrors': False, 'javaScriptEnabled': True, 'offline': False, 'reducedMotion': 'no-preference', 'serviceWorkers': 'allow', 'viewport': {'width': 1900, 'height': 1000}}</msg>
<msg time="2025-04-29T14:46:28.457145" level="INFO">${id_context} = context=b547d5f2-0b18-4060-a3a9-63faf77aa37b</msg>
<var>${id_context}</var>
<arg>acceptDownloads=${True}</arg>
<arg>ignoreHTTPSErrors=${ignore_ssl_certificate}</arg>
<arg>viewport=${window_fullscreen_size}</arg>
<tag>BrowserControl</tag>
<tag>Setter</tag>
<doc>Create a new BrowserContext with specified options.</doc>
<status status="PASS" start="2025-04-29T14:46:28.429059" elapsed="0.028272"/>
</kw>
<status status="PASS" start="2025-04-29T14:46:28.194433" elapsed="0.263101"/>
</branch>
<branch type="ELSE">
<kw name="New Context" owner="Browser">
<var>${id_context}</var>
<arg>acceptDownloads=${True}</arg>
<arg>ignoreHTTPSErrors=${ignore_ssl_certificate}</arg>
<arg>viewport=${window_fullscreen_size}</arg>
<tag>BrowserControl</tag>
<tag>Setter</tag>
<doc>Create a new BrowserContext with specified options.</doc>
<status status="NOT RUN" start="2025-04-29T14:46:28.458059" elapsed="0.000172"/>
</kw>
<status status="NOT RUN" start="2025-04-29T14:46:28.457688" elapsed="0.000724"/>
</branch>
<status status="PASS" start="2025-04-29T14:46:28.194307" elapsed="0.264217"/>
</if>
<kw name="Append To List" owner="Collections">
<arg>${active_context_list}</arg>
<arg>${id_context}</arg>
<doc>Adds ``values`` to the end of ``list``.</doc>
<status status="PASS" start="2025-04-29T14:46:28.458709" elapsed="0.000482"/>
</kw>
<kw name="Set Suite Variable" owner="BuiltIn">
<msg time="2025-04-29T14:46:28.460154" level="INFO">${CONTEXT_LIST} = ['context=b547d5f2-0b18-4060-a3a9-63faf77aa37b']</msg>
<arg>\${CONTEXT_LIST}</arg>
<arg>${active_context_list}</arg>
<doc>Makes a variable available everywhere within the scope of the current suite.</doc>
<status status="PASS" start="2025-04-29T14:46:28.459570" elapsed="0.000862"/>
</kw>
<return>
<value>${id_context}</value>
<status status="PASS" start="2025-04-29T14:46:28.460606" elapsed="0.000174"/>
</return>
<tag>keyword_action</tag>
<doc>browser=chromium (Google Chrome, Microsoft Edge (since 2020), Opera)
browser=firefox (Mozilla Firefox)
browser=webkit (Apple Safari, Mail, AppStore on MacOS and iOS)</doc>
<status status="PASS" start="2025-04-29T14:46:28.170777" elapsed="0.290248"/>
</kw>
<kw name="New Page" owner="Browser">
<msg time="2025-04-29T14:46:32.828849" level="INFO">Successfully initialized new page object and opened url: https://partners-salestools.thailife.com/partnership-sales-tools-web/#/login</msg>
<arg>https://partners-salestools.thailife.com/partnership-sales-tools-web/#/login</arg>
<tag>BrowserControl</tag>
<tag>Setter</tag>
<doc>Open a new Page.</doc>
<status status="PASS" start="2025-04-29T14:46:28.461312" elapsed="4.368349"/>
</kw>
<status status="PASS" start="2025-04-29T14:46:28.169153" elapsed="4.660930"/>
</kw>
<kw name="Login E-Selling" owner="Login">
<kw name="Input User ID" owner="Login">
<kw name="Type Text" owner="Browser">
<msg time="2025-04-29T14:46:32.837726" level="INFO">Types the text 'TCRBOL' in the given field.</msg>
<arg>//ion-input[@label="รหัสผู้ใช้งาน"]//input</arg>
<arg>${user}</arg>
<tag>PageContent</tag>
<tag>Setter</tag>
<doc>Types the given ``txt`` into the text field found by ``selector``.</doc>
<status status="PASS" start="2025-04-29T14:46:32.836088" elapsed="0.167965"/>
</kw>
<arg>${user}</arg>
<status status="PASS" start="2025-04-29T14:46:32.834272" elapsed="0.170325"/>
</kw>
<kw name="Input Password ID" owner="Login">
<kw name="Type Text" owner="Browser">
<msg time="2025-04-29T14:46:33.008665" level="INFO">Types the text '1234' in the given field.</msg>
<arg>//ion-input[@label="รหัสผ่าน"]//input</arg>
<arg>${password}</arg>
<tag>PageContent</tag>
<tag>Setter</tag>
<doc>Types the given ``txt`` into the text field found by ``selector``.</doc>
<status status="PASS" start="2025-04-29T14:46:33.007352" elapsed="0.071662"/>
</kw>
<arg>${password}</arg>
<status status="PASS" start="2025-04-29T14:46:33.005482" elapsed="0.073955"/>
</kw>
<kw name="Click" owner="Browser">
<msg time="2025-04-29T14:46:33.080958" level="INFO">Clicks the element '//button[contains(text(),"เข้าสู่ระบบ")]'.</msg>
<arg>//button[contains(text(),"เข้าสู่ระบบ")]</arg>
<tag>PageContent</tag>
<tag>Setter</tag>
<doc>Simulates mouse click on the element found by ``selector``.</doc>
<status status="PASS" start="2025-04-29T14:46:33.079851" elapsed="0.090545"/>
</kw>
<arg>TCRBOL</arg>
<arg>1234</arg>
<status status="PASS" start="2025-04-29T14:46:32.831279" elapsed="0.339471"/>
</kw>
<kw name="Log" owner="BuiltIn">
<msg time="2025-04-29T14:46:33.172808" level="INFO">testcase1</msg>
<arg>testcase1</arg>
<doc>Logs the given message with the given level.</doc>
<status status="PASS" start="2025-04-29T14:46:33.171729" elapsed="0.002535"/>
</kw>
<kw name="Create Prospect" owner="Quotation">
<kw name="Click" owner="Browser">
<msg time="2025-04-29T14:46:33.178875" level="INFO">Clicks the element '//button[contains(text(),"สร้างผู้มุ่งหวัง")]'.</msg>
<arg>//button[contains(text(),"สร้างผู้มุ่งหวัง")]</arg>
<tag>PageContent</tag>
<tag>Setter</tag>
<doc>Simulates mouse click on the element found by ``selector``.</doc>
<status status="PASS" start="2025-04-29T14:46:33.177076" elapsed="4.548632"/>
</kw>
<status status="PASS" start="2025-04-29T14:46:33.175258" elapsed="4.550763"/>
</kw>
<kw name="Select Prospect Prename" owner="Quotation">
<kw name="Click" owner="Browser">
<msg time="2025-04-29T14:46:37.728146" level="INFO">Clicks the element '//app-quotation//label[contains(text(),"คำนำหน้า")]/following-sibling::div//input'.</msg>
<arg>//app-quotation//label[contains(text(),"คำนำหน้า")]/following-sibling::div//input</arg>
<tag>PageContent</tag>
<tag>Setter</tag>
<doc>Simulates mouse click on the element found by ``selector``.</doc>
<status status="PASS" start="2025-04-29T14:46:37.727397" elapsed="1.817597"/>
</kw>
<kw name="Type Text" owner="Browser">
<msg time="2025-04-29T14:46:39.546124" level="INFO">Types the text 'นาย' in the given field.</msg>
<arg>//app-quotation//label[contains(text(),"คำนำหน้า")]/following-sibling::div//input</arg>
<arg>${prename}</arg>
<tag>PageContent</tag>
<tag>Setter</tag>
<doc>Types the given ``txt`` into the text field found by ``selector``.</doc>
<status status="PASS" start="2025-04-29T14:46:39.545403" elapsed="0.067230"/>
</kw>
<kw name="Click" owner="Browser">
<msg time="2025-04-29T14:46:39.616407" level="INFO">Clicks the element '//*[@id="suggestions"]//*[text()="นาย"]'.</msg>
<arg>//*[@id="suggestions"]//*[text()="${prename}"]</arg>
<tag>PageContent</tag>
<tag>Setter</tag>
<doc>Simulates mouse click on the element found by ``selector``.</doc>
<status status="PASS" start="2025-04-29T14:46:39.613394" elapsed="0.118532"/>
</kw>
<arg>นาย</arg>
<status status="PASS" start="2025-04-29T14:46:37.726709" elapsed="2.005716"/>
</kw>
<kw name="Input First Name" owner="Quotation">
<kw name="Type Text" owner="Browser">
<msg time="2025-04-29T14:46:39.734238" level="INFO">Types the text 'ทดสอบ' in the given field.</msg>
<arg>//app-quotation//input[@formcontrolname="firstname"]</arg>
<arg>${name}</arg>
<tag>PageContent</tag>
<tag>Setter</tag>
<doc>Types the given ``txt`` into the text field found by ``selector``.</doc>
<status status="PASS" start="2025-04-29T14:46:39.733492" elapsed="0.055764"/>
</kw>
<arg>ทดสอบ</arg>
<status status="PASS" start="2025-04-29T14:46:39.732879" elapsed="0.056903"/>
</kw>
<kw name="Input Last Name" owner="Quotation">
<kw name="Type Text" owner="Browser">
<msg time="2025-04-29T14:46:39.793360" level="INFO">Types the text 'ระบบ' in the given field.</msg>
<arg>//app-quotation//input[@formcontrolname="lastname"]</arg>
<arg>${lname}</arg>
<tag>PageContent</tag>
<tag>Setter</tag>
<doc>Types the given ``txt`` into the text field found by ``selector``.</doc>
<status status="PASS" start="2025-04-29T14:46:39.792139" elapsed="0.051879"/>
</kw>
<arg>ระบบ</arg>
<status status="PASS" start="2025-04-29T14:46:39.790547" elapsed="0.053811"/>
</kw>
<kw name="Select Birthdate" owner="Quotation">
<kw name="Click" owner="Browser">
<msg time="2025-04-29T14:46:39.846323" level="INFO">Clicks the element '//app-quotation//input[@formcontrolname="dateOfBirth"]'.</msg>
<arg>//app-quotation//input[@formcontrolname="dateOfBirth"]</arg>
<tag>PageContent</tag>
<tag>Setter</tag>
<doc>Simulates mouse click on the element found by ``selector``.</doc>
<status status="PASS" start="2025-04-29T14:46:39.845638" elapsed="0.151006"/>
</kw>
<kw name="Click Element by javascript" owner="CommonKeywords">
<kw name="Sleep" owner="BuiltIn">
<msg time="2025-04-29T14:46:41.000971" level="INFO">Slept 1 second.</msg>
<arg>1s</arg>
<doc>Pauses the test executed for the given time.</doc>
<status status="PASS" start="2025-04-29T14:46:40.000045" elapsed="1.002122"/>
</kw>
<kw name="Split String" owner="String">
<msg time="2025-04-29T14:46:41.005687" level="INFO">@{locator1} = [ document.querySelector('ion-datetime#datetimeQuotation').shadowRoot.querySelector('.calendar-month-year').querySelector('button') ]</msg>
<var>@{locator1}</var>
<arg>${locator}</arg>
<arg>|</arg>
<doc>Splits the ``string`` using ``separator`` as a delimiter string.</doc>
<status status="PASS" start="2025-04-29T14:46:41.003532" elapsed="0.002902"/>
</kw>
<kw name="Get Length" owner="BuiltIn">
<msg time="2025-04-29T14:46:41.009894" level="INFO">Length is 1.</msg>
<msg time="2025-04-29T14:46:41.010868" level="INFO">${count} = 1</msg>
<var>${count}</var>
<arg>${locator1}</arg>
<doc>Returns and logs the length of the given item as an integer.</doc>
<status status="PASS" start="2025-04-29T14:46:41.008496" elapsed="0.002977"/>
</kw>
<if>
<branch type="IF" condition="${count}&gt;1">
<for flavor="IN RANGE">
<iter>
<kw name="Log" owner="BuiltIn">
<arg>${locator1}[${index}]</arg>
<doc>Logs the given message with the given level.</doc>
<status status="NOT RUN" start="2025-04-29T14:46:41.018961" elapsed="0.000872"/>
</kw>
<kw name="Remove String" owner="String">
<var>${path}</var>
<arg>${locator1}[${index}]</arg>
<arg>${SPACE}</arg>
<doc>Removes all ``removables`` from the given ``string``.</doc>
<status status="NOT RUN" start="2025-04-29T14:46:41.021303" elapsed="0.000916"/>
</kw>
<kw name="Run Keyword And Return Status" owner="BuiltIn">
<var>${rtn}</var>
<arg>Evaluate JavaScript</arg>
<arg>${None}</arg>
<arg>${path}.checkVisibility();</arg>
<doc>Runs the given keyword with given arguments and returns the status as a Boolean value.</doc>
<status status="NOT RUN" start="2025-04-29T14:46:41.024212" elapsed="0.001216"/>
</kw>
<if>
<branch type="IF" condition="${rtn}==${True}">
<kw name="Exit For Loop" owner="BuiltIn">
<doc>Stops executing the enclosing FOR loop.</doc>
<status status="NOT RUN" start="2025-04-29T14:46:41.027966" elapsed="0.004409"/>
</kw>
<status status="NOT RUN" start="2025-04-29T14:46:41.026720" elapsed="0.006750"/>
</branch>
<status status="NOT RUN" start="2025-04-29T14:46:41.026520" elapsed="0.008126"/>
</if>
<var name="${index}"/>
<status status="NOT RUN" start="2025-04-29T14:46:41.017159" elapsed="0.017744"/>
</iter>
<var>${index}</var>
<value>0</value>
<value>${count}</value>
<status status="NOT RUN" start="2025-04-29T14:46:41.015298" elapsed="0.020229"/>
</for>
<status status="NOT RUN" start="2025-04-29T14:46:41.013057" elapsed="0.023138"/>
</branch>
<branch type="ELSE">
<kw name="Set Variable" owner="BuiltIn">
<msg time="2025-04-29T14:46:41.039466" level="INFO">${path} = document.querySelector('ion-datetime#datetimeQuotation').shadowRoot.querySelector('.calendar-month-year').querySelector('button')</msg>
<var>${path}</var>
<arg>${locator}</arg>
<doc>Returns the given values which can then be assigned to a variables.</doc>
<status status="PASS" start="2025-04-29T14:46:41.037752" elapsed="0.002482"/>
</kw>
<status status="PASS" start="2025-04-29T14:46:41.036703" elapsed="0.004072"/>
</branch>
<status status="PASS" start="2025-04-29T14:46:41.012861" elapsed="0.028290"/>
</if>
<kw name="Evaluate JavaScript" owner="Browser">
<msg time="2025-04-29T14:46:41.067862" level="INFO">JavaScript executed successfully.</msg>
<arg>${None}</arg>
<arg>${path}.click();</arg>
<tag>Getter</tag>
<tag>PageContent</tag>
<tag>Setter</tag>
<doc>Executes given javascript on the selected element(s) or on page.</doc>
<status status="PASS" start="2025-04-29T14:46:41.041706" elapsed="0.026861"/>
</kw>
<arg>document.querySelector('ion-datetime#datetimeQuotation').shadowRoot.querySelector('.calendar-month-year').querySelector('button')</arg>
<status status="PASS" start="2025-04-29T14:46:39.999046" elapsed="1.069921"/>
</kw>
<kw name="Select Year Quotation" owner="Quotation">
<for flavor="IN RANGE">
<iter>
<kw name="Evaluate JavaScript" owner="Browser">
<msg time="2025-04-29T14:46:41.149267" level="INFO">JavaScript executed successfully.</msg>
<msg time="2025-04-29T14:46:41.150183" level="INFO">${text} = พ.ศ. 2468</msg>
<var>${text}</var>
<arg>${None}</arg>
<arg>document.querySelector('ion-datetime#datetimeQuotation').shadowRoot.querySelector('.datetime-year').querySelector('ion-picker').querySelector('.year-column').querySelector('ion-picker-column-option:nth-child(${index})').innerText</arg>
<tag>Getter</tag>
<tag>PageContent</tag>
<tag>Setter</tag>
<doc>Executes given javascript on the selected element(s) or on page.</doc>
<status status="PASS" start="2025-04-29T14:46:41.071920" elapsed="0.078647"/>
</kw>
<kw name="Get Regexp Matches" owner="String">
<msg time="2025-04-29T14:46:41.152186" level="INFO">${text} = ['2468']</msg>
<var>${text}</var>
<arg>${text}</arg>
<arg>\\d+</arg>
<doc>Returns a list of all non-overlapping matches in the given string.</doc>
<status status="PASS" start="2025-04-29T14:46:41.151250" elapsed="0.001147"/>
</kw>
<kw name="Set Variable" owner="BuiltIn">
<msg time="2025-04-29T14:46:41.153643" level="INFO">${text} = 2468</msg>
<var>${text}</var>
<arg>${text[0]}</arg>
<doc>Returns the given values which can then be assigned to a variables.</doc>
<status status="PASS" start="2025-04-29T14:46:41.152780" elapsed="0.001093"/>
</kw>
<if>
<branch type="IF" condition="${text}==${year}">
<kw name="Click Element by javascript" owner="CommonKeywords">
<arg>document.querySelector('ion-datetime#datetimeQuotation').shadowRoot.querySelector('.datetime-year').querySelector('ion-picker').querySelector('.year-column').querySelector('ion-picker-column-option:nth-child(${index})').shadowRoot.querySelector('button')</arg>
<status status="NOT RUN" start="2025-04-29T14:46:41.155081" elapsed="0.000315"/>
</kw>
<kw name="Exit For Loop" owner="BuiltIn">
<doc>Stops executing the enclosing FOR loop.</doc>
<status status="NOT RUN" start="2025-04-29T14:46:41.155957" elapsed="0.000264"/>
</kw>
<status status="NOT RUN" start="2025-04-29T14:46:41.154115" elapsed="0.002341"/>
</branch>
<status status="PASS" start="2025-04-29T14:46:41.154077" elapsed="0.002569"/>
</if>
<var name="${index}">1</var>
<status status="PASS" start="2025-04-29T14:46:41.071373" elapsed="0.085341"/>
</iter>
<iter>
<kw name="Evaluate JavaScript" owner="Browser">
<msg time="2025-04-29T14:46:41.169960" level="INFO">JavaScript executed successfully.</msg>
<msg time="2025-04-29T14:46:41.170570" level="INFO">${text} = พ.ศ. 2469</msg>
<var>${text}</var>
<arg>${None}</arg>
<arg>document.querySelector('ion-datetime#datetimeQuotation').shadowRoot.querySelector('.datetime-year').querySelector('ion-picker').querySelector('.year-column').querySelector('ion-picker-column-option:nth-child(${index})').innerText</arg>
<tag>Getter</tag>
<tag>PageContent</tag>
<tag>Setter</tag>
<doc>Executes given javascript on the selected element(s) or on page.</doc>
<status status="PASS" start="2025-04-29T14:46:41.157658" elapsed="0.013170"/>
</kw>
<kw name="Get Regexp Matches" owner="String">
<msg time="2025-04-29T14:46:41.172084" level="INFO">${text} = ['2469']</msg>
<var>${text}</var>
<arg>${text}</arg>
<arg>\\d+</arg>
<doc>Returns a list of all non-overlapping matches in the given string.</doc>
<status status="PASS" start="2025-04-29T14:46:41.171321" elapsed="0.001016"/>
</kw>
<kw name="Set Variable" owner="BuiltIn">
<msg time="2025-04-29T14:46:41.174119" level="INFO">${text} = 2469</msg>
<var>${text}</var>
<arg>${text[0]}</arg>
<doc>Returns the given values which can then be assigned to a variables.</doc>
<status status="PASS" start="2025-04-29T14:46:41.172849" elapsed="0.001566"/>
</kw>
<if>
<branch type="IF" condition="${text}==${year}">
<kw name="Click Element by javascript" owner="CommonKeywords">
<arg>document.querySelector('ion-datetime#datetimeQuotation').shadowRoot.querySelector('.datetime-year').querySelector('ion-picker').querySelector('.year-column').querySelector('ion-picker-column-option:nth-child(${index})').shadowRoot.querySelector('button')</arg>
<status status="NOT RUN" start="2025-04-29T14:46:41.175488" elapsed="0.000208"/>
</kw>
<kw name="Exit For Loop" owner="BuiltIn">
<doc>Stops executing the enclosing FOR loop.</doc>
<status status="NOT RUN" start="2025-04-29T14:46:41.176006" elapsed="0.000152"/>
</kw>
<status status="NOT RUN" start="2025-04-29T14:46:41.174665" elapsed="0.001629"/>
</branch>
<status status="PASS" start="2025-04-29T14:46:41.174626" elapsed="0.001791"/>
</if>
<var name="${index}">2</var>
<status status="PASS" start="2025-04-29T14:46:41.157219" elapsed="0.019240"/>
</iter>
<iter>
<kw name="Evaluate JavaScript" owner="Browser">
<msg time="2025-04-29T14:46:41.185012" level="INFO">JavaScript executed successfully.</msg>
<msg time="2025-04-29T14:46:41.185646" level="INFO">${text} = พ.ศ. 2470</msg>
<var>${text}</var>
<arg>${None}</arg>
<arg>document.querySelector('ion-datetime#datetimeQuotation').shadowRoot.querySelector('.datetime-year').querySelector('ion-picker').querySelector('.year-column').querySelector('ion-picker-column-option:nth-child(${index})').innerText</arg>
<tag>Getter</tag>
<tag>PageContent</tag>
<tag>Setter</tag>
<doc>Executes given javascript on the selected element(s) or on page.</doc>
<status status="PASS" start="2025-04-29T14:46:41.177073" elapsed="0.008854"/>
</kw>
<kw name="Get Regexp Matches" owner="String">
<msg time="2025-04-29T14:46:41.186914" level="INFO">${text} = ['2470']</msg>
<var>${text}</var>
<arg>${text}</arg>
<arg>\\d+</arg>
<doc>Returns a list of all non-overlapping matches in the given string.</doc>
<status status="PASS" start="2025-04-29T14:46:41.186334" elapsed="0.000774"/>
</kw>
<kw name="Set Variable" owner="BuiltIn">
<msg time="2025-04-29T14:46:41.188548" level="INFO">${text} = 2470</msg>
<var>${text}</var>
<arg>${text[0]}</arg>
<doc>Returns the given values which can then be assigned to a variables.</doc>
<status status="PASS" start="2025-04-29T14:46:41.187475" elapsed="0.001255"/>
</kw>
<if>
<branch type="IF" condition="${text}==${year}">
<kw name="Click Element by javascript" owner="CommonKeywords">
<arg>document.querySelector('ion-datetime#datetimeQuotation').shadowRoot.querySelector('.datetime-year').querySelector('ion-picker').querySelector('.year-column').querySelector('ion-picker-column-option:nth-child(${index})').shadowRoot.querySelector('button')</arg>
<status status="NOT RUN" start="2025-04-29T14:46:41.189672" elapsed="0.000157"/>
</kw>
<kw name="Exit For Loop" owner="BuiltIn">
<doc>Stops executing the enclosing FOR loop.</doc>
<status status="NOT RUN" start="2025-04-29T14:46:41.190084" elapsed="0.000133"/>
</kw>
<status status="NOT RUN" start="2025-04-29T14:46:41.188982" elapsed="0.001448"/>
</branch>
<status status="PASS" start="2025-04-29T14:46:41.188933" elapsed="0.001625"/>
</if>
<var name="${index}">3</var>
<status status="PASS" start="2025-04-29T14:46:41.176776" elapsed="0.013822"/>
</iter>
<iter>
<kw name="Evaluate JavaScript" owner="Browser">
<msg time="2025-04-29T14:46:41.196676" level="INFO">JavaScript executed successfully.</msg>
<msg time="2025-04-29T14:46:41.197912" level="INFO">${text} = พ.ศ. 2471</msg>
<var>${text}</var>
<arg>${None}</arg>
<arg>document.querySelector('ion-datetime#datetimeQuotation').shadowRoot.querySelector('.datetime-year').querySelector('ion-picker').querySelector('.year-column').querySelector('ion-picker-column-option:nth-child(${index})').innerText</arg>
<tag>Getter</tag>
<tag>PageContent</tag>
<tag>Setter</tag>
<doc>Executes given javascript on the selected element(s) or on page.</doc>
<status status="PASS" start="2025-04-29T14:46:41.191238" elapsed="0.007487"/>
</kw>
<kw name="Get Regexp Matches" owner="String">
<msg time="2025-04-29T14:46:41.199869" level="INFO">${text} = ['2471']</msg>
<var>${text}</var>
<arg>${text}</arg>
<arg>\\d+</arg>
<doc>Returns a list of all non-overlapping matches in the given string.</doc>
<status status="PASS" start="2025-04-29T14:46:41.199282" elapsed="0.000828"/>
</kw>
<kw name="Set Variable" owner="BuiltIn">
<msg time="2025-04-29T14:46:41.201582" level="INFO">${text} = 2471</msg>
<var>${text}</var>
<arg>${text[0]}</arg>
<doc>Returns the given values which can then be assigned to a variables.</doc>
<status status="PASS" start="2025-04-29T14:46:41.200672" elapsed="0.001158"/>
</kw>
<if>
<branch type="IF" condition="${text}==${year}">
<kw name="Click Element by javascript" owner="CommonKeywords">
<arg>document.querySelector('ion-datetime#datetimeQuotation').shadowRoot.querySelector('.datetime-year').querySelector('ion-picker').querySelector('.year-column').querySelector('ion-picker-column-option:nth-child(${index})').shadowRoot.querySelector('button')</arg>
<status status="NOT RUN" start="2025-04-29T14:46:41.202918" elapsed="0.000216"/>
</kw>
<kw name="Exit For Loop" owner="BuiltIn">
<doc>Stops executing the enclosing FOR loop.</doc>
<status status="NOT RUN" start="2025-04-29T14:46:41.203470" elapsed="0.000136"/>
</kw>
<status status="NOT RUN" start="2025-04-29T14:46:41.202079" elapsed="0.001695"/>
</branch>
<status status="PASS" start="2025-04-29T14:46:41.202037" elapsed="0.001879"/>
</if>
<var name="${index}">4</var>
<status status="PASS" start="2025-04-29T14:46:41.190925" elapsed="0.013032"/>
</iter>
<iter>
<kw name="Evaluate JavaScript" owner="Browser">
<msg time="2025-04-29T14:46:41.209707" level="INFO">JavaScript executed successfully.</msg>
<msg time="2025-04-29T14:46:41.210139" level="INFO">${text} = พ.ศ. 2472</msg>
<var>${text}</var>
<arg>${None}</arg>
<arg>document.querySelector('ion-datetime#datetimeQuotation').shadowRoot.querySelector('.datetime-year').querySelector('ion-picker').querySelector('.year-column').querySelector('ion-picker-column-option:nth-child(${index})').innerText</arg>
<tag>Getter</tag>
<tag>PageContent</tag>
<tag>Setter</tag>
<doc>Executes given javascript on the selected element(s) or on page.</doc>
<status status="PASS" start="2025-04-29T14:46:41.204743" elapsed="0.005562"/>
</kw>
<kw name="Get Regexp Matches" owner="String">
<msg time="2025-04-29T14:46:41.211056" level="INFO">${text} = ['2472']</msg>
<var>${text}</var>
<arg>${text}</arg>
<arg>\\d+</arg>
<doc>Returns a list of all non-overlapping matches in the given string.</doc>
<status status="PASS" start="2025-04-29T14:46:41.210633" elapsed="0.000586"/>
</kw>
<kw name="Set Variable" owner="BuiltIn">
<msg time="2025-04-29T14:46:41.212191" level="INFO">${text} = 2472</msg>
<var>${text}</var>
<arg>${text[0]}</arg>
<doc>Returns the given values which can then be assigned to a variables.</doc>
<status status="PASS" start="2025-04-29T14:46:41.211475" elapsed="0.000866"/>
</kw>
<if>
<branch type="IF" condition="${text}==${year}">
<kw name="Click Element by javascript" owner="CommonKeywords">
<arg>document.querySelector('ion-datetime#datetimeQuotation').shadowRoot.querySelector('.datetime-year').querySelector('ion-picker').querySelector('.year-column').querySelector('ion-picker-column-option:nth-child(${index})').shadowRoot.querySelector('button')</arg>
<status status="NOT RUN" start="2025-04-29T14:46:41.213234" elapsed="0.000191"/>
</kw>
<kw name="Exit For Loop" owner="BuiltIn">
<doc>Stops executing the enclosing FOR loop.</doc>
<status status="NOT RUN" start="2025-04-29T14:46:41.213985" elapsed="0.000377"/>
</kw>
<status status="NOT RUN" start="2025-04-29T14:46:41.212567" elapsed="0.002158"/>
</branch>
<status status="PASS" start="2025-04-29T14:46:41.212509" elapsed="0.002820"/>
</if>
<var name="${index}">5</var>
<status status="PASS" start="2025-04-29T14:46:41.204369" elapsed="0.011040"/>
</iter>
<iter>
<kw name="Evaluate JavaScript" owner="Browser">
<msg time="2025-04-29T14:46:41.223148" level="INFO">JavaScript executed successfully.</msg>
<msg time="2025-04-29T14:46:41.223635" level="INFO">${text} = พ.ศ. 2473</msg>
<var>${text}</var>
<arg>${None}</arg>
<arg>document.querySelector('ion-datetime#datetimeQuotation').shadowRoot.querySelector('.datetime-year').querySelector('ion-picker').querySelector('.year-column').querySelector('ion-picker-column-option:nth-child(${index})').innerText</arg>
<tag>Getter</tag>
<tag>PageContent</tag>
<tag>Setter</tag>
<doc>Executes given javascript on the selected element(s) or on page.</doc>
<status status="PASS" start="2025-04-29T14:46:41.216258" elapsed="0.007565"/>
</kw>
<kw name="Get Regexp Matches" owner="String">
<msg time="2025-04-29T14:46:41.224679" level="INFO">${text} = ['2473']</msg>
<var>${text}</var>
<arg>${text}</arg>
<arg>\\d+</arg>
<doc>Returns a list of all non-overlapping matches in the given string.</doc>
<status status="PASS" start="2025-04-29T14:46:41.224205" elapsed="0.000641"/>
</kw>
<kw name="Set Variable" owner="BuiltIn">
<msg time="2025-04-29T14:46:41.225922" level="INFO">${text} = 2473</msg>
<var>${text}</var>
<arg>${text[0]}</arg>
<doc>Returns the given values which can then be assigned to a variables.</doc>
<status status="PASS" start="2025-04-29T14:46:41.225133" elapsed="0.000984"/>
</kw>
<if>
<branch type="IF" condition="${text}==${year}">
<kw name="Click Element by javascript" owner="CommonKeywords">
<arg>document.querySelector('ion-datetime#datetimeQuotation').shadowRoot.querySelector('.datetime-year').querySelector('ion-picker').querySelector('.year-column').querySelector('ion-picker-column-option:nth-child(${index})').shadowRoot.querySelector('button')</arg>
<status status="NOT RUN" start="2025-04-29T14:46:41.226994" elapsed="0.000150"/>
</kw>
<kw name="Exit For Loop" owner="BuiltIn">
<doc>Stops executing the enclosing FOR loop.</doc>
<status status="NOT RUN" start="2025-04-29T14:46:41.227381" elapsed="0.000121"/>
</kw>
<status status="NOT RUN" start="2025-04-29T14:46:41.226360" elapsed="0.001259"/>
</branch>
<status status="PASS" start="2025-04-29T14:46:41.226321" elapsed="0.001500"/>
</if>
<var name="${index}">6</var>
<status status="PASS" start="2025-04-29T14:46:41.215915" elapsed="0.011964"/>
</iter>
<iter>
<kw name="Evaluate JavaScript" owner="Browser">
<msg time="2025-04-29T14:46:41.235456" level="INFO">JavaScript executed successfully.</msg>
<msg time="2025-04-29T14:46:41.236057" level="INFO">${text} = พ.ศ. 2474</msg>
<var>${text}</var>
<arg>${None}</arg>
<arg>document.querySelector('ion-datetime#datetimeQuotation').shadowRoot.querySelector('.datetime-year').querySelector('ion-picker').querySelector('.year-column').querySelector('ion-picker-column-option:nth-child(${index})').innerText</arg>
<tag>Getter</tag>
<tag>PageContent</tag>
<tag>Setter</tag>
<doc>Executes given javascript on the selected element(s) or on page.</doc>
<status status="PASS" start="2025-04-29T14:46:41.228673" elapsed="0.007611"/>
</kw>
<kw name="Get Regexp Matches" owner="String">
<msg time="2025-04-29T14:46:41.237187" level="INFO">${text} = ['2474']</msg>
<var>${text}</var>
<arg>${text}</arg>
<arg>\\d+</arg>
<doc>Returns a list of all non-overlapping matches in the given string.</doc>
<status status="PASS" start="2025-04-29T14:46:41.236676" elapsed="0.000702"/>
</kw>
<kw name="Set Variable" owner="BuiltIn">
<msg time="2025-04-29T14:46:41.239049" level="INFO">${text} = 2474</msg>
<var>${text}</var>
<arg>${text[0]}</arg>
<doc>Returns the given values which can then be assigned to a variables.</doc>
<status status="PASS" start="2025-04-29T14:46:41.237765" elapsed="0.001548"/>
</kw>
<if>
<branch type="IF" condition="${text}==${year}">
<kw name="Click Element by javascript" owner="CommonKeywords">
<arg>document.querySelector('ion-datetime#datetimeQuotation').shadowRoot.querySelector('.datetime-year').querySelector('ion-picker').querySelector('.year-column').querySelector('ion-picker-column-option:nth-child(${index})').shadowRoot.querySelector('button')</arg>
<status status="NOT RUN" start="2025-04-29T14:46:41.240698" elapsed="0.000258"/>
</kw>
<kw name="Exit For Loop" owner="BuiltIn">
<doc>Stops executing the enclosing FOR loop.</doc>
<status status="NOT RUN" start="2025-04-29T14:46:41.241386" elapsed="0.000199"/>
</kw>
<status status="NOT RUN" start="2025-04-29T14:46:41.239701" elapsed="0.007066"/>
</branch>
<status status="PASS" start="2025-04-29T14:46:41.239629" elapsed="0.007649"/>
</if>
<var name="${index}">7</var>
<status status="PASS" start="2025-04-29T14:46:41.228229" elapsed="0.019177"/>
</iter>
<iter>
<kw name="Evaluate JavaScript" owner="Browser">
<msg time="2025-04-29T14:46:41.268287" level="INFO">JavaScript executed successfully.</msg>
<msg time="2025-04-29T14:46:41.269077" level="INFO">${text} = พ.ศ. 2475</msg>
<var>${text}</var>
<arg>${None}</arg>
<arg>document.querySelector('ion-datetime#datetimeQuotation').shadowRoot.querySelector('.datetime-year').querySelector('ion-picker').querySelector('.year-column').querySelector('ion-picker-column-option:nth-child(${index})').innerText</arg>
<tag>Getter</tag>
<tag>PageContent</tag>
<tag>Setter</tag>
<doc>Executes given javascript on the selected element(s) or on page.</doc>
<status status="PASS" start="2025-04-29T14:46:41.249852" elapsed="0.019561"/>
</kw>
<kw name="Get Regexp Matches" owner="String">
<msg time="2025-04-29T14:46:41.270825" level="INFO">${text} = ['2475']</msg>
<var>${text}</var>
<arg>${text}</arg>
<arg>\\d+</arg>
<doc>Returns a list of all non-overlapping matches in the given string.</doc>
<status status="PASS" start="2025-04-29T14:46:41.269951" elapsed="0.001250"/>
</kw>
<kw name="Set Variable" owner="BuiltIn">
<msg time="2025-04-29T14:46:41.273492" level="INFO">${text} = 2475</msg>
<var>${text}</var>
<arg>${text[0]}</arg>
<doc>Returns the given values which can then be assigned to a variables.</doc>
<status status="PASS" start="2025-04-29T14:46:41.272042" elapsed="0.001757"/>
</kw>
<if>
<branch type="IF" condition="${text}==${year}">
<kw name="Click Element by javascript" owner="CommonKeywords">
<arg>document.querySelector('ion-datetime#datetimeQuotation').shadowRoot.querySelector('.datetime-year').querySelector('ion-picker').querySelector('.year-column').querySelector('ion-picker-column-option:nth-child(${index})').shadowRoot.querySelector('button')</arg>
<status status="NOT RUN" start="2025-04-29T14:46:41.275155" elapsed="0.000268"/>
</kw>
<kw name="Exit For Loop" owner="BuiltIn">
<doc>Stops executing the enclosing FOR loop.</doc>
<status status="NOT RUN" start="2025-04-29T14:46:41.275864" elapsed="0.000238"/>
</kw>
<status status="NOT RUN" start="2025-04-29T14:46:41.274158" elapsed="0.002138"/>
</branch>
<status status="PASS" start="2025-04-29T14:46:41.274103" elapsed="0.002376"/>
</if>
<var name="${index}">8</var>
<status status="PASS" start="2025-04-29T14:46:41.249297" elapsed="0.027243"/>
</iter>
<iter>
<kw name="Evaluate JavaScript" owner="Browser">
<msg time="2025-04-29T14:46:41.290930" level="INFO">JavaScript executed successfully.</msg>
<msg time="2025-04-29T14:46:41.291588" level="INFO">${text} = พ.ศ. 2476</msg>
<var>${text}</var>
<arg>${None}</arg>
<arg>document.querySelector('ion-datetime#datetimeQuotation').shadowRoot.querySelector('.datetime-year').querySelector('ion-picker').querySelector('.year-column').querySelector('ion-picker-column-option:nth-child(${index})').innerText</arg>
<tag>Getter</tag>
<tag>PageContent</tag>
<tag>Setter</tag>
<doc>Executes given javascript on the selected element(s) or on page.</doc>
<status status="PASS" start="2025-04-29T14:46:41.277434" elapsed="0.014447"/>
</kw>
<kw name="Get Regexp Matches" owner="String">
<msg time="2025-04-29T14:46:41.293084" level="INFO">${text} = ['2476']</msg>
<var>${text}</var>
<arg>${text}</arg>
<arg>\\d+</arg>
<doc>Returns a list of all non-overlapping matches in the given string.</doc>
<status status="PASS" start="2025-04-29T14:46:41.292401" elapsed="0.000928"/>
</kw>
<kw name="Set Variable" owner="BuiltIn">
<msg time="2025-04-29T14:46:41.294967" level="INFO">${text} = 2476</msg>
<var>${text}</var>
<arg>${text[0]}</arg>
<doc>Returns the given values which can then be assigned to a variables.</doc>
<status status="PASS" start="2025-04-29T14:46:41.293780" elapsed="0.001425"/>
</kw>
<if>
<branch type="IF" condition="${text}==${year}">
<kw name="Click Element by javascript" owner="CommonKeywords">
<arg>document.querySelector('ion-datetime#datetimeQuotation').shadowRoot.querySelector('.datetime-year').querySelector('ion-picker').querySelector('.year-column').querySelector('ion-picker-column-option:nth-child(${index})').shadowRoot.querySelector('button')</arg>
<status status="NOT RUN" start="2025-04-29T14:46:41.296677" elapsed="0.000464"/>
</kw>
<kw name="Exit For Loop" owner="BuiltIn">
<doc>Stops executing the enclosing FOR loop.</doc>
<status status="NOT RUN" start="2025-04-29T14:46:41.298409" elapsed="0.000602"/>
</kw>
<status status="NOT RUN" start="2025-04-29T14:46:41.295494" elapsed="0.003810"/>
</branch>
<status status="PASS" start="2025-04-29T14:46:41.295454" elapsed="0.004070"/>
</if>
<var name="${index}">9</var>
<status status="PASS" start="2025-04-29T14:46:41.277014" elapsed="0.022597"/>
</iter>
<iter>
<kw name="Evaluate JavaScript" owner="Browser">
<msg time="2025-04-29T14:46:41.308289" level="INFO">JavaScript executed successfully.</msg>
<msg time="2025-04-29T14:46:41.308845" level="INFO">${text} = พ.ศ. 2477</msg>
<var>${text}</var>
<arg>${None}</arg>
<arg>document.querySelector('ion-datetime#datetimeQuotation').shadowRoot.querySelector('.datetime-year').querySelector('ion-picker').querySelector('.year-column').querySelector('ion-picker-column-option:nth-child(${index})').innerText</arg>
<tag>Getter</tag>
<tag>PageContent</tag>
<tag>Setter</tag>
<doc>Executes given javascript on the selected element(s) or on page.</doc>
<status status="PASS" start="2025-04-29T14:46:41.300860" elapsed="0.008198"/>
</kw>
<kw name="Get Regexp Matches" owner="String">
<msg time="2025-04-29T14:46:41.310087" level="INFO">${text} = ['2477']</msg>
<var>${text}</var>
<arg>${text}</arg>
<arg>\\d+</arg>
<doc>Returns a list of all non-overlapping matches in the given string.</doc>
<status status="PASS" start="2025-04-29T14:46:41.309526" elapsed="0.000768"/>
</kw>
<kw name="Set Variable" owner="BuiltIn">
<msg time="2025-04-29T14:46:41.311553" level="INFO">${text} = 2477</msg>
<var>${text}</var>
<arg>${text[0]}</arg>
<doc>Returns the given values which can then be assigned to a variables.</doc>
<status status="PASS" start="2025-04-29T14:46:41.310630" elapsed="0.001155"/>
</kw>
<if>
<branch type="IF" condition="${text}==${year}">
<kw name="Click Element by javascript" owner="CommonKeywords">
<arg>document.querySelector('ion-datetime#datetimeQuotation').shadowRoot.querySelector('.datetime-year').querySelector('ion-picker').querySelector('.year-column').querySelector('ion-picker-column-option:nth-child(${index})').shadowRoot.querySelector('button')</arg>
<status status="NOT RUN" start="2025-04-29T14:46:41.312921" elapsed="0.000303"/>
</kw>
<kw name="Exit For Loop" owner="BuiltIn">
<doc>Stops executing the enclosing FOR loop.</doc>
<status status="NOT RUN" start="2025-04-29T14:46:41.313863" elapsed="0.000579"/>
</kw>
<status status="NOT RUN" start="2025-04-29T14:46:41.312070" elapsed="0.002962"/>
</branch>
<status status="PASS" start="2025-04-29T14:46:41.312025" elapsed="0.003442"/>
</if>
<var name="${index}">10</var>
<status status="PASS" start="2025-04-29T14:46:41.300314" elapsed="0.015248"/>
</iter>
<iter>
<kw name="Evaluate JavaScript" owner="Browser">
<msg time="2025-04-29T14:46:41.326596" level="INFO">JavaScript executed successfully.</msg>
<msg time="2025-04-29T14:46:41.327235" level="INFO">${text} = พ.ศ. 2478</msg>
<var>${text}</var>
<arg>${None}</arg>
<arg>document.querySelector('ion-datetime#datetimeQuotation').shadowRoot.querySelector('.datetime-year').querySelector('ion-picker').querySelector('.year-column').querySelector('ion-picker-column-option:nth-child(${index})').innerText</arg>
<tag>Getter</tag>
<tag>PageContent</tag>
<tag>Setter</tag>
<doc>Executes given javascript on the selected element(s) or on page.</doc>
<status status="PASS" start="2025-04-29T14:46:41.316473" elapsed="0.010973"/>
</kw>
<kw name="Get Regexp Matches" owner="String">
<msg time="2025-04-29T14:46:41.328722" level="INFO">${text} = ['2478']</msg>
<var>${text}</var>
<arg>${text}</arg>
<arg>\\d+</arg>
<doc>Returns a list of all non-overlapping matches in the given string.</doc>
<status status="PASS" start="2025-04-29T14:46:41.328006" elapsed="0.000910"/>
</kw>
<kw name="Set Variable" owner="BuiltIn">
<msg time="2025-04-29T14:46:41.330196" level="INFO">${text} = 2478</msg>
<var>${text}</var>
<arg>${text[0]}</arg>
<doc>Returns the given values which can then be assigned to a variables.</doc>
<status status="PASS" start="2025-04-29T14:46:41.329247" elapsed="0.001997"/>
</kw>
<if>
<branch type="IF" condition="${text}==${year}">
<kw name="Click Element by javascript" owner="CommonKeywords">
<arg>document.querySelector('ion-datetime#datetimeQuotation').shadowRoot.querySelector('.datetime-year').querySelector('ion-picker').querySelector('.year-column').querySelector('ion-picker-column-option:nth-child(${index})').shadowRoot.querySelector('button')</arg>
<status status="NOT RUN" start="2025-04-29T14:46:41.333189" elapsed="0.000236"/>
</kw>
<kw name="Exit For Loop" owner="BuiltIn">
<doc>Stops executing the enclosing FOR loop.</doc>
<status status="NOT RUN" start="2025-04-29T14:46:41.333772" elapsed="0.000208"/>
</kw>
<status status="NOT RUN" start="2025-04-29T14:46:41.332308" elapsed="0.001830"/>
</branch>
<status status="PASS" start="2025-04-29T14:46:41.332233" elapsed="0.002067"/>
</if>
<var name="${index}">11</var>
<status status="PASS" start="2025-04-29T14:46:41.316059" elapsed="0.018284"/>
</iter>
<iter>
<kw name="Evaluate JavaScript" owner="Browser">
<msg time="2025-04-29T14:46:41.341110" level="INFO">JavaScript executed successfully.</msg>
<msg time="2025-04-29T14:46:41.341595" level="INFO">${text} = พ.ศ. 2479</msg>
<var>${text}</var>
<arg>${None}</arg>
<arg>document.querySelector('ion-datetime#datetimeQuotation').shadowRoot.querySelector('.datetime-year').querySelector('ion-picker').querySelector('.year-column').querySelector('ion-picker-column-option:nth-child(${index})').innerText</arg>
<tag>Getter</tag>
<tag>PageContent</tag>
<tag>Setter</tag>
<doc>Executes given javascript on the selected element(s) or on page.</doc>
<status status="PASS" start="2025-04-29T14:46:41.335005" elapsed="0.006781"/>
</kw>
<kw name="Get Regexp Matches" owner="String">
<msg time="2025-04-29T14:46:41.342674" level="INFO">${text} = ['2479']</msg>
<var>${text}</var>
<arg>${text}</arg>
<arg>\\d+</arg>
<doc>Returns a list of all non-overlapping matches in the given string.</doc>
<status status="PASS" start="2025-04-29T14:46:41.342184" elapsed="0.000675"/>
</kw>
<kw name="Set Variable" owner="BuiltIn">
<msg time="2025-04-29T14:46:41.344034" level="INFO">${text} = 2479</msg>
<var>${text}</var>
<arg>${text[0]}</arg>
<doc>Returns the given values which can then be assigned to a variables.</doc>
<status status="PASS" start="2025-04-29T14:46:41.343174" elapsed="0.001051"/>
</kw>
<if>
<branch type="IF" condition="${text}==${year}">
<kw name="Click Element by javascript" owner="CommonKeywords">
<arg>document.querySelector('ion-datetime#datetimeQuotation').shadowRoot.querySelector('.datetime-year').querySelector('ion-picker').querySelector('.year-column').querySelector('ion-picker-column-option:nth-child(${index})').shadowRoot.querySelector('button')</arg>
<status status="NOT RUN" start="2025-04-29T14:46:41.345193" elapsed="0.000199"/>
</kw>
<kw name="Exit For Loop" owner="BuiltIn">
<doc>Stops executing the enclosing FOR loop.</doc>
<status status="NOT RUN" start="2025-04-29T14:46:41.345672" elapsed="0.000142"/>
</kw>
<status status="NOT RUN" start="2025-04-29T14:46:41.344481" elapsed="0.001471"/>
</branch>
<status status="PASS" start="2025-04-29T14:46:41.344444" elapsed="0.001656"/>
</if>
<var name="${index}">12</var>
<status status="PASS" start="2025-04-29T14:46:41.334690" elapsed="0.011452"/>
</iter>
<iter>
<kw name="Evaluate JavaScript" owner="Browser">
<msg time="2025-04-29T14:46:41.354588" level="INFO">JavaScript executed successfully.</msg>
<msg time="2025-04-29T14:46:41.355584" level="INFO">${text} = พ.ศ. 2480</msg>
<var>${text}</var>
<arg>${None}</arg>
<arg>document.querySelector('ion-datetime#datetimeQuotation').shadowRoot.querySelector('.datetime-year').querySelector('ion-picker').querySelector('.year-column').querySelector('ion-picker-column-option:nth-child(${index})').innerText</arg>
<tag>Getter</tag>
<tag>PageContent</tag>
<tag>Setter</tag>
<doc>Executes given javascript on the selected element(s) or on page.</doc>
<status status="PASS" start="2025-04-29T14:46:41.347273" elapsed="0.008567"/>
</kw>
<kw name="Get Regexp Matches" owner="String">
<msg time="2025-04-29T14:46:41.356716" level="INFO">${text} = ['2480']</msg>
<var>${text}</var>
<arg>${text}</arg>
<arg>\\d+</arg>
<doc>Returns a list of all non-overlapping matches in the given string.</doc>
<status status="PASS" start="2025-04-29T14:46:41.356243" elapsed="0.000658"/>
</kw>
<kw name="Set Variable" owner="BuiltIn">
<msg time="2025-04-29T14:46:41.358101" level="INFO">${text} = 2480</msg>
<var>${text}</var>
<arg>${text[0]}</arg>
<doc>Returns the given values which can then be assigned to a variables.</doc>
<status status="PASS" start="2025-04-29T14:46:41.357187" elapsed="0.001099"/>
</kw>
<if>
<branch type="IF" condition="${text}==${year}">
<kw name="Click Element by javascript" owner="CommonKeywords">
<arg>document.querySelector('ion-datetime#datetimeQuotation').shadowRoot.querySelector('.datetime-year').querySelector('ion-picker').querySelector('.year-column').querySelector('ion-picker-column-option:nth-child(${index})').shadowRoot.querySelector('button')</arg>
<status status="NOT RUN" start="2025-04-29T14:46:41.359253" elapsed="0.000201"/>
</kw>
<kw name="Exit For Loop" owner="BuiltIn">
<doc>Stops executing the enclosing FOR loop.</doc>
<status status="NOT RUN" start="2025-04-29T14:46:41.359786" elapsed="0.000161"/>
</kw>
<status status="NOT RUN" start="2025-04-29T14:46:41.358542" elapsed="0.001756"/>
</branch>
<status status="PASS" start="2025-04-29T14:46:41.358480" elapsed="0.002012"/>
</if>
<var name="${index}">13</var>
<status status="PASS" start="2025-04-29T14:46:41.346599" elapsed="0.013957"/>
</iter>
<iter>
<kw name="Evaluate JavaScript" owner="Browser">
<msg time="2025-04-29T14:46:41.369607" level="INFO">JavaScript executed successfully.</msg>
<msg time="2025-04-29T14:46:41.370153" level="INFO">${text} = พ.ศ. 2481</msg>
<var>${text}</var>
<arg>${None}</arg>
<arg>document.querySelector('ion-datetime#datetimeQuotation').shadowRoot.querySelector('.datetime-year').querySelector('ion-picker').querySelector('.year-column').querySelector('ion-picker-column-option:nth-child(${index})').innerText</arg>
<tag>Getter</tag>
<tag>PageContent</tag>
<tag>Setter</tag>
<doc>Executes given javascript on the selected element(s) or on page.</doc>
<status status="PASS" start="2025-04-29T14:46:41.361477" elapsed="0.008842"/>
</kw>
<kw name="Get Regexp Matches" owner="String">
<msg time="2025-04-29T14:46:41.371323" level="INFO">${text} = ['2481']</msg>
<var>${text}</var>
<arg>${text}</arg>
<arg>\\d+</arg>
<doc>Returns a list of all non-overlapping matches in the given string.</doc>
<status status="PASS" start="2025-04-29T14:46:41.370688" elapsed="0.000800"/>
</kw>
<kw name="Set Variable" owner="BuiltIn">
<msg time="2025-04-29T14:46:41.372587" level="INFO">${text} = 2481</msg>
<var>${text}</var>
<arg>${text[0]}</arg>
<doc>Returns the given values which can then be assigned to a variables.</doc>
<status status="PASS" start="2025-04-29T14:46:41.371824" elapsed="0.000933"/>
</kw>
<if>
<branch type="IF" condition="${text}==${year}">
<kw name="Click Element by javascript" owner="CommonKeywords">
<arg>document.querySelector('ion-datetime#datetimeQuotation').shadowRoot.querySelector('.datetime-year').querySelector('ion-picker').querySelector('.year-column').querySelector('ion-picker-column-option:nth-child(${index})').shadowRoot.querySelector('button')</arg>
<status status="NOT RUN" start="2025-04-29T14:46:41.373556" elapsed="0.000145"/>
</kw>
<kw name="Exit For Loop" owner="BuiltIn">
<doc>Stops executing the enclosing FOR loop.</doc>
<status status="NOT RUN" start="2025-04-29T14:46:41.373937" elapsed="0.000122"/>
</kw>
<status status="NOT RUN" start="2025-04-29T14:46:41.372966" elapsed="0.001212"/>
</branch>
<status status="PASS" start="2025-04-29T14:46:41.372931" elapsed="0.001357"/>
</if>
<var name="${index}">14</var>
<status status="PASS" start="2025-04-29T14:46:41.361052" elapsed="0.013273"/>
</iter>
<iter>
<kw name="Evaluate JavaScript" owner="Browser">
<msg time="2025-04-29T14:46:41.379962" level="INFO">JavaScript executed successfully.</msg>
<msg time="2025-04-29T14:46:41.380724" level="INFO">${text} = พ.ศ. 2482</msg>
<var>${text}</var>
<arg>${None}</arg>
<arg>document.querySelector('ion-datetime#datetimeQuotation').shadowRoot.querySelector('.datetime-year').querySelector('ion-picker').querySelector('.year-column').querySelector('ion-picker-column-option:nth-child(${index})').innerText</arg>
<tag>Getter</tag>
<tag>PageContent</tag>
<tag>Setter</tag>
<doc>Executes given javascript on the selected element(s) or on page.</doc>
<status status="PASS" start="2025-04-29T14:46:41.375090" elapsed="0.006320"/>
</kw>
<kw name="Get Regexp Matches" owner="String">
<msg time="2025-04-29T14:46:41.383027" level="INFO">${text} = ['2482']</msg>
<var>${text}</var>
<arg>${text}</arg>
<arg>\\d+</arg>
<doc>Returns a list of all non-overlapping matches in the given string.</doc>
<status status="PASS" start="2025-04-29T14:46:41.382416" elapsed="0.000841"/>
</kw>
<kw name="Set Variable" owner="BuiltIn">
<msg time="2025-04-29T14:46:41.384550" level="INFO">${text} = 2482</msg>
<var>${text}</var>
<arg>${text[0]}</arg>
<doc>Returns the given values which can then be assigned to a variables.</doc>
<status status="PASS" start="2025-04-29T14:46:41.383628" elapsed="0.001113"/>
</kw>
<if>
<branch type="IF" condition="${text}==${year}">
<kw name="Click Element by javascript" owner="CommonKeywords">
<arg>document.querySelector('ion-datetime#datetimeQuotation').shadowRoot.querySelector('.datetime-year').querySelector('ion-picker').querySelector('.year-column').querySelector('ion-picker-column-option:nth-child(${index})').shadowRoot.querySelector('button')</arg>
<status status="NOT RUN" start="2025-04-29T14:46:41.385704" elapsed="0.000190"/>
</kw>
<kw name="Exit For Loop" owner="BuiltIn">
<doc>Stops executing the enclosing FOR loop.</doc>
<status status="NOT RUN" start="2025-04-29T14:46:41.386155" elapsed="0.000123"/>
</kw>
<status status="NOT RUN" start="2025-04-29T14:46:41.384965" elapsed="0.001437"/>
</branch>
<status status="PASS" start="2025-04-29T14:46:41.384928" elapsed="0.001592"/>
</if>
<var name="${index}">15</var>
<status status="PASS" start="2025-04-29T14:46:41.374617" elapsed="0.011941"/>
</iter>
<iter>
<kw name="Evaluate JavaScript" owner="Browser">
<msg time="2025-04-29T14:46:41.392154" level="INFO">JavaScript executed successfully.</msg>
<msg time="2025-04-29T14:46:41.392798" level="INFO">${text} = พ.ศ. 2483</msg>
<var>${text}</var>
<arg>${None}</arg>
<arg>document.querySelector('ion-datetime#datetimeQuotation').shadowRoot.querySelector('.datetime-year').querySelector('ion-picker').querySelector('.year-column').querySelector('ion-picker-column-option:nth-child(${index})').innerText</arg>
<tag>Getter</tag>
<tag>PageContent</tag>
<tag>Setter</tag>
<doc>Executes given javascript on the selected element(s) or on page.</doc>
<status status="PASS" start="2025-04-29T14:46:41.387156" elapsed="0.005899"/>
</kw>
<kw name="Get Regexp Matches" owner="String">
<msg time="2025-04-29T14:46:41.394198" level="INFO">${text} = ['2483']</msg>
<var>${text}</var>
<arg>${text}</arg>
<arg>\\d+</arg>
<doc>Returns a list of all non-overlapping matches in the given string.</doc>
<status status="PASS" start="2025-04-29T14:46:41.393571" elapsed="0.000886"/>
</kw>
<kw name="Set Variable" owner="BuiltIn">
<msg time="2025-04-29T14:46:41.396088" level="INFO">${text} = 2483</msg>
<var>${text}</var>
<arg>${text[0]}</arg>
<doc>Returns the given values which can then be assigned to a variables.</doc>
<status status="PASS" start="2025-04-29T14:46:41.394876" elapsed="0.001644"/>
</kw>
<if>
<branch type="IF" condition="${text}==${year}">
<kw name="Click Element by javascript" owner="CommonKeywords">
<arg>document.querySelector('ion-datetime#datetimeQuotation').shadowRoot.querySelector('.datetime-year').querySelector('ion-picker').querySelector('.year-column').querySelector('ion-picker-column-option:nth-child(${index})').shadowRoot.querySelector('button')</arg>
<status status="NOT RUN" start="2025-04-29T14:46:41.399874" elapsed="0.000436"/>
</kw>
<kw name="Exit For Loop" owner="BuiltIn">
<doc>Stops executing the enclosing FOR loop.</doc>
<status status="NOT RUN" start="2025-04-29T14:46:41.400878" elapsed="0.001391"/>
</kw>
<status status="NOT RUN" start="2025-04-29T14:46:41.397483" elapsed="0.005128"/>
</branch>
<status status="PASS" start="2025-04-29T14:46:41.397309" elapsed="0.005521"/>
</if>
<var name="${index}">16</var>
<status status="PASS" start="2025-04-29T14:46:41.386865" elapsed="0.016032"/>
</iter>
<iter>
<kw name="Evaluate JavaScript" owner="Browser">
<msg time="2025-04-29T14:46:41.411484" level="INFO">JavaScript executed successfully.</msg>
<msg time="2025-04-29T14:46:41.412172" level="INFO">${text} = พ.ศ. 2484</msg>
<var>${text}</var>
<arg>${None}</arg>
<arg>document.querySelector('ion-datetime#datetimeQuotation').shadowRoot.querySelector('.datetime-year').querySelector('ion-picker').querySelector('.year-column').querySelector('ion-picker-column-option:nth-child(${index})').innerText</arg>
<tag>Getter</tag>
<tag>PageContent</tag>
<tag>Setter</tag>
<doc>Executes given javascript on the selected element(s) or on page.</doc>
<status status="PASS" start="2025-04-29T14:46:41.404103" elapsed="0.008329"/>
</kw>
<kw name="Get Regexp Matches" owner="String">
<msg time="2025-04-29T14:46:41.414563" level="INFO">${text} = ['2484']</msg>
<var>${text}</var>
<arg>${text}</arg>
<arg>\\d+</arg>
<doc>Returns a list of all non-overlapping matches in the given string.</doc>
<status status="PASS" start="2025-04-29T14:46:41.413089" elapsed="0.002370"/>
</kw>
<kw name="Set Variable" owner="BuiltIn">
<msg time="2025-04-29T14:46:41.418222" level="INFO">${text} = 2484</msg>
<var>${text}</var>
<arg>${text[0]}</arg>
<doc>Returns the given values which can then be assigned to a variables.</doc>
<status status="PASS" start="2025-04-29T14:46:41.416058" elapsed="0.002555"/>
</kw>
<if>
<branch type="IF" condition="${text}==${year}">
<kw name="Click Element by javascript" owner="CommonKeywords">
<arg>document.querySelector('ion-datetime#datetimeQuotation').shadowRoot.querySelector('.datetime-year').querySelector('ion-picker').querySelector('.year-column').querySelector('ion-picker-column-option:nth-child(${index})').shadowRoot.querySelector('button')</arg>
<status status="NOT RUN" start="2025-04-29T14:46:41.420355" elapsed="0.000350"/>
</kw>
<kw name="Exit For Loop" owner="BuiltIn">
<doc>Stops executing the enclosing FOR loop.</doc>
<status status="NOT RUN" start="2025-04-29T14:46:41.421336" elapsed="0.000277"/>
</kw>
<status status="NOT RUN" start="2025-04-29T14:46:41.419104" elapsed="0.002788"/>
</branch>
<status status="PASS" start="2025-04-29T14:46:41.419038" elapsed="0.003090"/>
</if>
<var name="${index}">17</var>
<status status="PASS" start="2025-04-29T14:46:41.403516" elapsed="0.018693"/>
</iter>
<iter>
<kw name="Evaluate JavaScript" owner="Browser">
<msg time="2025-04-29T14:46:41.434940" level="INFO">JavaScript executed successfully.</msg>
<msg time="2025-04-29T14:46:41.435687" level="INFO">${text} = พ.ศ. 2485</msg>
<var>${text}</var>
<arg>${None}</arg>
<arg>document.querySelector('ion-datetime#datetimeQuotation').shadowRoot.querySelector('.datetime-year').querySelector('ion-picker').querySelector('.year-column').querySelector('ion-picker-column-option:nth-child(${index})').innerText</arg>
<tag>Getter</tag>
<tag>PageContent</tag>
<tag>Setter</tag>
<doc>Executes given javascript on the selected element(s) or on page.</doc>
<status status="PASS" start="2025-04-29T14:46:41.423242" elapsed="0.012741"/>
</kw>
<kw name="Get Regexp Matches" owner="String">
<msg time="2025-04-29T14:46:41.437288" level="INFO">${text} = ['2485']</msg>
<var>${text}</var>
<arg>${text}</arg>
<arg>\\d+</arg>
<doc>Returns a list of all non-overlapping matches in the given string.</doc>
<status status="PASS" start="2025-04-29T14:46:41.436519" elapsed="0.001112"/>
</kw>
<kw name="Set Variable" owner="BuiltIn">
<msg time="2025-04-29T14:46:41.439805" level="INFO">${text} = 2485</msg>
<var>${text}</var>
<arg>${text[0]}</arg>
<doc>Returns the given values which can then be assigned to a variables.</doc>
<status status="PASS" start="2025-04-29T14:46:41.438147" elapsed="0.001970"/>
</kw>
<if>
<branch type="IF" condition="${text}==${year}">
<kw name="Click Element by javascript" owner="CommonKeywords">
<arg>document.querySelector('ion-datetime#datetimeQuotation').shadowRoot.querySelector('.datetime-year').querySelector('ion-picker').querySelector('.year-column').querySelector('ion-picker-column-option:nth-child(${index})').shadowRoot.querySelector('button')</arg>
<status status="NOT RUN" start="2025-04-29T14:46:41.442992" elapsed="0.000243"/>
</kw>
<kw name="Exit For Loop" owner="BuiltIn">
<doc>Stops executing the enclosing FOR loop.</doc>
<status status="NOT RUN" start="2025-04-29T14:46:41.443677" elapsed="0.000201"/>
</kw>
<status status="NOT RUN" start="2025-04-29T14:46:41.441961" elapsed="0.002113"/>
</branch>
<status status="PASS" start="2025-04-29T14:46:41.441900" elapsed="0.002349"/>
</if>
<var name="${index}">18</var>
<status status="PASS" start="2025-04-29T14:46:41.422805" elapsed="0.021502"/>
</iter>
<iter>
<kw name="Evaluate JavaScript" owner="Browser">
<msg time="2025-04-29T14:46:41.457535" level="INFO">JavaScript executed successfully.</msg>
<msg time="2025-04-29T14:46:41.458060" level="INFO">${text} = พ.ศ. 2486</msg>
<var>${text}</var>
<arg>${None}</arg>
<arg>document.querySelector('ion-datetime#datetimeQuotation').shadowRoot.querySelector('.datetime-year').querySelector('ion-picker').querySelector('.year-column').querySelector('ion-picker-column-option:nth-child(${index})').innerText</arg>
<tag>Getter</tag>
<tag>PageContent</tag>
<tag>Setter</tag>
<doc>Executes given javascript on the selected element(s) or on page.</doc>
<status status="PASS" start="2025-04-29T14:46:41.445175" elapsed="0.013062"/>
</kw>
<kw name="Get Regexp Matches" owner="String">
<msg time="2025-04-29T14:46:41.459123" level="INFO">${text} = ['2486']</msg>
<var>${text}</var>
<arg>${text}</arg>
<arg>\\d+</arg>
<doc>Returns a list of all non-overlapping matches in the given string.</doc>
<status status="PASS" start="2025-04-29T14:46:41.458665" elapsed="0.000616"/>
</kw>
<kw name="Set Variable" owner="BuiltIn">
<msg time="2025-04-29T14:46:41.460335" level="INFO">${text} = 2486</msg>
<var>${text}</var>
<arg>${text[0]}</arg>
<doc>Returns the given values which can then be assigned to a variables.</doc>
<status status="PASS" start="2025-04-29T14:46:41.459549" elapsed="0.000946"/>
</kw>
<if>
<branch type="IF" condition="${text}==${year}">
<kw name="Click Element by javascript" owner="CommonKeywords">
<arg>document.querySelector('ion-datetime#datetimeQuotation').shadowRoot.querySelector('.datetime-year').querySelector('ion-picker').querySelector('.year-column').querySelector('ion-picker-column-option:nth-child(${index})').shadowRoot.querySelector('button')</arg>
<status status="NOT RUN" start="2025-04-29T14:46:41.461350" elapsed="0.000159"/>
</kw>
<kw name="Exit For Loop" owner="BuiltIn">
<doc>Stops executing the enclosing FOR loop.</doc>
<status status="NOT RUN" start="2025-04-29T14:46:41.461758" elapsed="0.000125"/>
</kw>
<status status="NOT RUN" start="2025-04-29T14:46:41.460710" elapsed="0.001299"/>
</branch>
<status status="PASS" start="2025-04-29T14:46:41.460675" elapsed="0.001444"/>
</if>
<var name="${index}">19</var>
<status status="PASS" start="2025-04-29T14:46:41.444762" elapsed="0.017402"/>
</iter>
<iter>
<kw name="Evaluate JavaScript" owner="Browser">
<msg time="2025-04-29T14:46:41.470025" level="INFO">JavaScript executed successfully.</msg>
<msg time="2025-04-29T14:46:41.471133" level="INFO">${text} = พ.ศ. 2487</msg>
<var>${text}</var>
<arg>${None}</arg>
<arg>document.querySelector('ion-datetime#datetimeQuotation').shadowRoot.querySelector('.datetime-year').querySelector('ion-picker').querySelector('.year-column').querySelector('ion-picker-column-option:nth-child(${index})').innerText</arg>
<tag>Getter</tag>
<tag>PageContent</tag>
<tag>Setter</tag>
<doc>Executes given javascript on the selected element(s) or on page.</doc>
<status status="PASS" start="2025-04-29T14:46:41.463051" elapsed="0.008434"/>
</kw>
<kw name="Get Regexp Matches" owner="String">
<msg time="2025-04-29T14:46:41.472978" level="INFO">${text} = ['2487']</msg>
<var>${text}</var>
<arg>${text}</arg>
<arg>\\d+</arg>
<doc>Returns a list of all non-overlapping matches in the given string.</doc>
<status status="PASS" start="2025-04-29T14:46:41.472302" elapsed="0.000913"/>
</kw>
<kw name="Set Variable" owner="BuiltIn">
<msg time="2025-04-29T14:46:41.474792" level="INFO">${text} = 2487</msg>
<var>${text}</var>
<arg>${text[0]}</arg>
<doc>Returns the given values which can then be assigned to a variables.</doc>
<status status="PASS" start="2025-04-29T14:46:41.473651" elapsed="0.001439"/>
</kw>
<if>
<branch type="IF" condition="${text}==${year}">
<kw name="Click Element by javascript" owner="CommonKeywords">
<arg>document.querySelector('ion-datetime#datetimeQuotation').shadowRoot.querySelector('.datetime-year').querySelector('ion-picker').querySelector('.year-column').querySelector('ion-picker-column-option:nth-child(${index})').shadowRoot.querySelector('button')</arg>
<status status="NOT RUN" start="2025-04-29T14:46:41.476508" elapsed="0.000237"/>
</kw>
<kw name="Exit For Loop" owner="BuiltIn">
<doc>Stops executing the enclosing FOR loop.</doc>
<status status="NOT RUN" start="2025-04-29T14:46:41.477160" elapsed="0.000188"/>
</kw>
<status status="NOT RUN" start="2025-04-29T14:46:41.475557" elapsed="0.001980"/>
</branch>
<status status="PASS" start="2025-04-29T14:46:41.475502" elapsed="0.002213"/>
</if>
<var name="${index}">20</var>
<status status="PASS" start="2025-04-29T14:46:41.462499" elapsed="0.015290"/>
</iter>
<iter>
<kw name="Evaluate JavaScript" owner="Browser">
<msg time="2025-04-29T14:46:41.489328" level="INFO">JavaScript executed successfully.</msg>
<msg time="2025-04-29T14:46:41.490062" level="INFO">${text} = พ.ศ. 2488</msg>
<var>${text}</var>
<arg>${None}</arg>
<arg>document.querySelector('ion-datetime#datetimeQuotation').shadowRoot.querySelector('.datetime-year').querySelector('ion-picker').querySelector('.year-column').querySelector('ion-picker-column-option:nth-child(${index})').innerText</arg>
<tag>Getter</tag>
<tag>PageContent</tag>
<tag>Setter</tag>
<doc>Executes given javascript on the selected element(s) or on page.</doc>
<status status="PASS" start="2025-04-29T14:46:41.478703" elapsed="0.011654"/>
</kw>
<kw name="Get Regexp Matches" owner="String">
<msg time="2025-04-29T14:46:41.491631" level="INFO">${text} = ['2488']</msg>
<var>${text}</var>
<arg>${text}</arg>
<arg>\\d+</arg>
<doc>Returns a list of all non-overlapping matches in the given string.</doc>
<status status="PASS" start="2025-04-29T14:46:41.490884" elapsed="0.001090"/>
</kw>
<kw name="Set Variable" owner="BuiltIn">
<msg time="2025-04-29T14:46:41.494107" level="INFO">${text} = 2488</msg>
<var>${text}</var>
<arg>${text[0]}</arg>
<doc>Returns the given values which can then be assigned to a variables.</doc>
<status status="PASS" start="2025-04-29T14:46:41.492574" elapsed="0.001877"/>
</kw>
<if>
<branch type="IF" condition="${text}==${year}">
<kw name="Click Element by javascript" owner="CommonKeywords">
<arg>document.querySelector('ion-datetime#datetimeQuotation').shadowRoot.querySelector('.datetime-year').querySelector('ion-picker').querySelector('.year-column').querySelector('ion-picker-column-option:nth-child(${index})').shadowRoot.querySelector('button')</arg>
<status status="NOT RUN" start="2025-04-29T14:46:41.499249" elapsed="0.000241"/>
</kw>
<kw name="Exit For Loop" owner="BuiltIn">
<doc>Stops executing the enclosing FOR loop.</doc>
<status status="NOT RUN" start="2025-04-29T14:46:41.499870" elapsed="0.000210"/>
</kw>
<status status="NOT RUN" start="2025-04-29T14:46:41.497495" elapsed="0.002744"/>
</branch>
<status status="PASS" start="2025-04-29T14:46:41.497264" elapsed="0.003120"/>
</if>
<var name="${index}">21</var>
<status status="PASS" start="2025-04-29T14:46:41.478273" elapsed="0.022168"/>
</iter>
<iter>
<kw name="Evaluate JavaScript" owner="Browser">
<msg time="2025-04-29T14:46:41.508174" level="INFO">JavaScript executed successfully.</msg>
<msg time="2025-04-29T14:46:41.508799" level="INFO">${text} = พ.ศ. 2489</msg>
<var>${text}</var>
<arg>${None}</arg>
<arg>document.querySelector('ion-datetime#datetimeQuotation').shadowRoot.querySelector('.datetime-year').querySelector('ion-picker').querySelector('.year-column').querySelector('ion-picker-column-option:nth-child(${index})').innerText</arg>
<tag>Getter</tag>
<tag>PageContent</tag>
<tag>Setter</tag>
<doc>Executes given javascript on the selected element(s) or on page.</doc>
<status status="PASS" start="2025-04-29T14:46:41.501294" elapsed="0.007709"/>
</kw>
<kw name="Get Regexp Matches" owner="String">
<msg time="2025-04-29T14:46:41.509903" level="INFO">${text} = ['2489']</msg>
<var>${text}</var>
<arg>${text}</arg>
<arg>\\d+</arg>
<doc>Returns a list of all non-overlapping matches in the given string.</doc>
<status status="PASS" start="2025-04-29T14:46:41.509422" elapsed="0.000641"/>
</kw>
<kw name="Set Variable" owner="BuiltIn">
<msg time="2025-04-29T14:46:41.511108" level="INFO">${text} = 2489</msg>
<var>${text}</var>
<arg>${text[0]}</arg>
<doc>Returns the given values which can then be assigned to a variables.</doc>
<status status="PASS" start="2025-04-29T14:46:41.510356" elapsed="0.000912"/>
</kw>
<if>
<branch type="IF" condition="${text}==${year}">
<kw name="Click Element by javascript" owner="CommonKeywords">
<arg>document.querySelector('ion-datetime#datetimeQuotation').shadowRoot.querySelector('.datetime-year').querySelector('ion-picker').querySelector('.year-column').querySelector('ion-picker-column-option:nth-child(${index})').shadowRoot.querySelector('button')</arg>
<status status="NOT RUN" start="2025-04-29T14:46:41.512224" elapsed="0.000162"/>
</kw>
<kw name="Exit For Loop" owner="BuiltIn">
<doc>Stops executing the enclosing FOR loop.</doc>
<status status="NOT RUN" start="2025-04-29T14:46:41.512731" elapsed="0.000234"/>
</kw>
<status status="NOT RUN" start="2025-04-29T14:46:41.511517" elapsed="0.001723"/>
</branch>
<status status="PASS" start="2025-04-29T14:46:41.511477" elapsed="0.001991"/>
</if>
<var name="${index}">22</var>
<status status="PASS" start="2025-04-29T14:46:41.500908" elapsed="0.012637"/>
</iter>
<iter>
<kw name="Evaluate JavaScript" owner="Browser">
<msg time="2025-04-29T14:46:41.521917" level="INFO">JavaScript executed successfully.</msg>
<msg time="2025-04-29T14:46:41.522521" level="INFO">${text} = พ.ศ. 2490</msg>
<var>${text}</var>
<arg>${None}</arg>
<arg>document.querySelector('ion-datetime#datetimeQuotation').shadowRoot.querySelector('.datetime-year').querySelector('ion-picker').querySelector('.year-column').querySelector('ion-picker-column-option:nth-child(${index})').innerText</arg>
<tag>Getter</tag>
<tag>PageContent</tag>
<tag>Setter</tag>
<doc>Executes given javascript on the selected element(s) or on page.</doc>
<status status="PASS" start="2025-04-29T14:46:41.515792" elapsed="0.006897"/>
</kw>
<kw name="Get Regexp Matches" owner="String">
<msg time="2025-04-29T14:46:41.523443" level="INFO">${text} = ['2490']</msg>
<var>${text}</var>
<arg>${text}</arg>
<arg>\\d+</arg>
<doc>Returns a list of all non-overlapping matches in the given string.</doc>
<status status="PASS" start="2025-04-29T14:46:41.523032" elapsed="0.000558"/>
</kw>
<kw name="Set Variable" owner="BuiltIn">
<msg time="2025-04-29T14:46:41.524555" level="INFO">${text} = 2490</msg>
<var>${text}</var>
<arg>${text[0]}</arg>
<doc>Returns the given values which can then be assigned to a variables.</doc>
<status status="PASS" start="2025-04-29T14:46:41.523861" elapsed="0.000839"/>
</kw>
<if>
<branch type="IF" condition="${text}==${year}">
<kw name="Click Element by javascript" owner="CommonKeywords">
<arg>document.querySelector('ion-datetime#datetimeQuotation').shadowRoot.querySelector('.datetime-year').querySelector('ion-picker').querySelector('.year-column').querySelector('ion-picker-column-option:nth-child(${index})').shadowRoot.querySelector('button')</arg>
<status status="NOT RUN" start="2025-04-29T14:46:41.525454" elapsed="0.000142"/>
</kw>
<kw name="Exit For Loop" owner="BuiltIn">
<doc>Stops executing the enclosing FOR loop.</doc>
<status status="NOT RUN" start="2025-04-29T14:46:41.525820" elapsed="0.000118"/>
</kw>
<status status="NOT RUN" start="2025-04-29T14:46:41.524897" elapsed="0.001156"/>
</branch>
<status status="PASS" start="2025-04-29T14:46:41.524865" elapsed="0.001292"/>
</if>
<var name="${index}">23</var>
<status status="PASS" start="2025-04-29T14:46:41.515084" elapsed="0.011108"/>
</iter>
<iter>
<kw name="Evaluate JavaScript" owner="Browser">
<msg time="2025-04-29T14:46:41.533479" level="INFO">JavaScript executed successfully.</msg>
<msg time="2025-04-29T14:46:41.534035" level="INFO">${text} = พ.ศ. 2491</msg>
<var>${text}</var>
<arg>${None}</arg>
<arg>document.querySelector('ion-datetime#datetimeQuotation').shadowRoot.querySelector('.datetime-year').querySelector('ion-picker').querySelector('.year-column').querySelector('ion-picker-column-option:nth-child(${index})').innerText</arg>
<tag>Getter</tag>
<tag>PageContent</tag>
<tag>Setter</tag>
<doc>Executes given javascript on the selected element(s) or on page.</doc>
<status status="PASS" start="2025-04-29T14:46:41.526690" elapsed="0.007596"/>
</kw>
<kw name="Get Regexp Matches" owner="String">
<msg time="2025-04-29T14:46:41.535161" level="INFO">${text} = ['2491']</msg>
<var>${text}</var>
<arg>${text}</arg>
<arg>\\d+</arg>
<doc>Returns a list of all non-overlapping matches in the given string.</doc>
<status status="PASS" start="2025-04-29T14:46:41.534672" elapsed="0.000659"/>
</kw>
<kw name="Set Variable" owner="BuiltIn">
<msg time="2025-04-29T14:46:41.536405" level="INFO">${text} = 2491</msg>
<var>${text}</var>
<arg>${text[0]}</arg>
<doc>Returns the given values which can then be assigned to a variables.</doc>
<status status="PASS" start="2025-04-29T14:46:41.535603" elapsed="0.000964"/>
</kw>
<if>
<branch type="IF" condition="${text}==${year}">
<kw name="Click Element by javascript" owner="CommonKeywords">
<arg>document.querySelector('ion-datetime#datetimeQuotation').shadowRoot.querySelector('.datetime-year').querySelector('ion-picker').querySelector('.year-column').querySelector('ion-picker-column-option:nth-child(${index})').shadowRoot.querySelector('button')</arg>
<status status="NOT RUN" start="2025-04-29T14:46:41.537668" elapsed="0.000254"/>
</kw>
<kw name="Exit For Loop" owner="BuiltIn">
<doc>Stops executing the enclosing FOR loop.</doc>
<status status="NOT RUN" start="2025-04-29T14:46:41.538280" elapsed="0.000176"/>
</kw>
<status status="NOT RUN" start="2025-04-29T14:46:41.536825" elapsed="0.001775"/>
</branch>
<status status="PASS" start="2025-04-29T14:46:41.536788" elapsed="0.002109"/>
</if>
<var name="${index}">24</var>
<status status="PASS" start="2025-04-29T14:46:41.526457" elapsed="0.012491"/>
</iter>
<iter>
<kw name="Evaluate JavaScript" owner="Browser">
<msg time="2025-04-29T14:46:41.544681" level="INFO">JavaScript executed successfully.</msg>
<msg time="2025-04-29T14:46:41.545128" level="INFO">${text} = พ.ศ. 2492</msg>
<var>${text}</var>
<arg>${None}</arg>
<arg>document.querySelector('ion-datetime#datetimeQuotation').shadowRoot.querySelector('.datetime-year').querySelector('ion-picker').querySelector('.year-column').querySelector('ion-picker-column-option:nth-child(${index})').innerText</arg>
<tag>Getter</tag>
<tag>PageContent</tag>
<tag>Setter</tag>
<doc>Executes given javascript on the selected element(s) or on page.</doc>
<status status="PASS" start="2025-04-29T14:46:41.539641" elapsed="0.005656"/>
</kw>
<kw name="Get Regexp Matches" owner="String">
<msg time="2025-04-29T14:46:41.546224" level="INFO">${text} = ['2492']</msg>
<var>${text}</var>
<arg>${text}</arg>
<arg>\\d+</arg>
<doc>Returns a list of all non-overlapping matches in the given string.</doc>
<status status="PASS" start="2025-04-29T14:46:41.545639" elapsed="0.000800"/>
</kw>
<kw name="Set Variable" owner="BuiltIn">
<msg time="2025-04-29T14:46:41.548929" level="INFO">${text} = 2492</msg>
<var>${text}</var>
<arg>${text[0]}</arg>
<doc>Returns the given values which can then be assigned to a variables.</doc>
<status status="PASS" start="2025-04-29T14:46:41.546844" elapsed="0.002418"/>
</kw>
<if>
<branch type="IF" condition="${text}==${year}">
<kw name="Click Element by javascript" owner="CommonKeywords">
<arg>document.querySelector('ion-datetime#datetimeQuotation').shadowRoot.querySelector('.datetime-year').querySelector('ion-picker').querySelector('.year-column').querySelector('ion-picker-column-option:nth-child(${index})').shadowRoot.querySelector('button')</arg>
<status status="NOT RUN" start="2025-04-29T14:46:41.550733" elapsed="0.000281"/>
</kw>
<kw name="Exit For Loop" owner="BuiltIn">
<doc>Stops executing the enclosing FOR loop.</doc>
<status status="NOT RUN" start="2025-04-29T14:46:41.551324" elapsed="0.000145"/>
</kw>
<status status="NOT RUN" start="2025-04-29T14:46:41.549838" elapsed="0.001760"/>
</branch>
<status status="PASS" start="2025-04-29T14:46:41.549784" elapsed="0.001979"/>
</if>
<var name="${index}">25</var>
<status status="PASS" start="2025-04-29T14:46:41.539317" elapsed="0.012487"/>
</iter>
<iter>
<kw name="Evaluate JavaScript" owner="Browser">
<msg time="2025-04-29T14:46:41.558523" level="INFO">JavaScript executed successfully.</msg>
<msg time="2025-04-29T14:46:41.559006" level="INFO">${text} = พ.ศ. 2493</msg>
<var>${text}</var>
<arg>${None}</arg>
<arg>document.querySelector('ion-datetime#datetimeQuotation').shadowRoot.querySelector('.datetime-year').querySelector('ion-picker').querySelector('.year-column').querySelector('ion-picker-column-option:nth-child(${index})').innerText</arg>
<tag>Getter</tag>
<tag>PageContent</tag>
<tag>Setter</tag>
<doc>Executes given javascript on the selected element(s) or on page.</doc>
<status status="PASS" start="2025-04-29T14:46:41.552419" elapsed="0.006751"/>
</kw>
<kw name="Get Regexp Matches" owner="String">
<msg time="2025-04-29T14:46:41.560015" level="INFO">${text} = ['2493']</msg>
<var>${text}</var>
<arg>${text}</arg>
<arg>\\d+</arg>
<doc>Returns a list of all non-overlapping matches in the given string.</doc>
<status status="PASS" start="2025-04-29T14:46:41.559534" elapsed="0.000634"/>
</kw>
<kw name="Set Variable" owner="BuiltIn">
<msg time="2025-04-29T14:46:41.561280" level="INFO">${text} = 2493</msg>
<var>${text}</var>
<arg>${text[0]}</arg>
<doc>Returns the given values which can then be assigned to a variables.</doc>
<status status="PASS" start="2025-04-29T14:46:41.560443" elapsed="0.001018"/>
</kw>
<if>
<branch type="IF" condition="${text}==${year}">
<kw name="Click Element by javascript" owner="CommonKeywords">
<arg>document.querySelector('ion-datetime#datetimeQuotation').shadowRoot.querySelector('.datetime-year').querySelector('ion-picker').querySelector('.year-column').querySelector('ion-picker-column-option:nth-child(${index})').shadowRoot.querySelector('button')</arg>
<status status="NOT RUN" start="2025-04-29T14:46:41.562370" elapsed="0.000213"/>
</kw>
<kw name="Exit For Loop" owner="BuiltIn">
<doc>Stops executing the enclosing FOR loop.</doc>
<status status="NOT RUN" start="2025-04-29T14:46:41.562934" elapsed="0.000146"/>
</kw>
<status status="NOT RUN" start="2025-04-29T14:46:41.561711" elapsed="0.001504"/>
</branch>
<status status="PASS" start="2025-04-29T14:46:41.561668" elapsed="0.001670"/>
</if>
<var name="${index}">26</var>
<status status="PASS" start="2025-04-29T14:46:41.552126" elapsed="0.011253"/>
</iter>
<iter>
<kw name="Evaluate JavaScript" owner="Browser">
<msg time="2025-04-29T14:46:41.572285" level="INFO">JavaScript executed successfully.</msg>
<msg time="2025-04-29T14:46:41.572890" level="INFO">${text} = พ.ศ. 2494</msg>
<var>${text}</var>
<arg>${None}</arg>
<arg>document.querySelector('ion-datetime#datetimeQuotation').shadowRoot.querySelector('.datetime-year').querySelector('ion-picker').querySelector('.year-column').querySelector('ion-picker-column-option:nth-child(${index})').innerText</arg>
<tag>Getter</tag>
<tag>PageContent</tag>
<tag>Setter</tag>
<doc>Executes given javascript on the selected element(s) or on page.</doc>
<status status="PASS" start="2025-04-29T14:46:41.565551" elapsed="0.007580"/>
</kw>
<kw name="Get Regexp Matches" owner="String">
<msg time="2025-04-29T14:46:41.574240" level="INFO">${text} = ['2494']</msg>
<var>${text}</var>
<arg>${text}</arg>
<arg>\\d+</arg>
<doc>Returns a list of all non-overlapping matches in the given string.</doc>
<status status="PASS" start="2025-04-29T14:46:41.573631" elapsed="0.000831"/>
</kw>
<kw name="Set Variable" owner="BuiltIn">
<msg time="2025-04-29T14:46:41.575957" level="INFO">${text} = 2494</msg>
<var>${text}</var>
<arg>${text[0]}</arg>
<doc>Returns the given values which can then be assigned to a variables.</doc>
<status status="PASS" start="2025-04-29T14:46:41.574855" elapsed="0.001395"/>
</kw>
<if>
<branch type="IF" condition="${text}==${year}">
<kw name="Click Element by javascript" owner="CommonKeywords">
<arg>document.querySelector('ion-datetime#datetimeQuotation').shadowRoot.querySelector('.datetime-year').querySelector('ion-picker').querySelector('.year-column').querySelector('ion-picker-column-option:nth-child(${index})').shadowRoot.querySelector('button')</arg>
<status status="NOT RUN" start="2025-04-29T14:46:41.577783" elapsed="0.000253"/>
</kw>
<kw name="Exit For Loop" owner="BuiltIn">
<doc>Stops executing the enclosing FOR loop.</doc>
<status status="NOT RUN" start="2025-04-29T14:46:41.578479" elapsed="0.000232"/>
</kw>
<status status="NOT RUN" start="2025-04-29T14:46:41.576630" elapsed="0.002294"/>
</branch>
<status status="PASS" start="2025-04-29T14:46:41.576571" elapsed="0.002546"/>
</if>
<var name="${index}">27</var>
<status status="PASS" start="2025-04-29T14:46:41.564432" elapsed="0.015250"/>
</iter>
<iter>
<kw name="Evaluate JavaScript" owner="Browser">
<msg time="2025-04-29T14:46:41.593672" level="INFO">JavaScript executed successfully.</msg>
<msg time="2025-04-29T14:46:41.594354" level="INFO">${text} = พ.ศ. 2495</msg>
<var>${text}</var>
<arg>${None}</arg>
<arg>document.querySelector('ion-datetime#datetimeQuotation').shadowRoot.querySelector('.datetime-year').querySelector('ion-picker').querySelector('.year-column').querySelector('ion-picker-column-option:nth-child(${index})').innerText</arg>
<tag>Getter</tag>
<tag>PageContent</tag>
<tag>Setter</tag>
<doc>Executes given javascript on the selected element(s) or on page.</doc>
<status status="PASS" start="2025-04-29T14:46:41.582497" elapsed="0.012148"/>
</kw>
<kw name="Get Regexp Matches" owner="String">
<msg time="2025-04-29T14:46:41.595949" level="INFO">${text} = ['2495']</msg>
<var>${text}</var>
<arg>${text}</arg>
<arg>\\d+</arg>
<doc>Returns a list of all non-overlapping matches in the given string.</doc>
<status status="PASS" start="2025-04-29T14:46:41.595190" elapsed="0.001042"/>
</kw>
[...]
<doc>Pauses the test executed for the given time.</doc>
<status status="PASS" start="2025-04-29T14:48:14.704108" elapsed="1.002237"/>
</kw>
<kw name="Split String" owner="String">
<msg time="2025-04-29T14:48:15.709250" level="INFO">@{locator1} = [ document.querySelector('ion-datetime#datetimeQuotation').shadowRoot.querySelector('.calendar-month:nth-child(2)').querySelector('[data-day="22"]') ]</msg>
<var>@{locator1}</var>
<arg>${locator}</arg>
<arg>|</arg>
<doc>Splits the ``string`` using ``separator`` as a delimiter string.</doc>
<status status="PASS" start="2025-04-29T14:48:15.707461" elapsed="0.002509"/>
</kw>
<kw name="Get Length" owner="BuiltIn">
<msg time="2025-04-29T14:48:15.712975" level="INFO">Length is 1.</msg>
<msg time="2025-04-29T14:48:15.713887" level="INFO">${count} = 1</msg>
<var>${count}</var>
<arg>${locator1}</arg>
<doc>Returns and logs the length of the given item as an integer.</doc>
<status status="PASS" start="2025-04-29T14:48:15.711610" elapsed="0.002821"/>
</kw>
<if>
<branch type="IF" condition="${count}&gt;1">
<for flavor="IN RANGE">
<iter>
<kw name="Log" owner="BuiltIn">
<arg>${locator1}[${index}]</arg>
<doc>Logs the given message with the given level.</doc>
<status status="NOT RUN" start="2025-04-29T14:48:15.720390" elapsed="0.000883"/>
</kw>
<kw name="Remove String" owner="String">
<var>${path}</var>
<arg>${locator1}[${index}]</arg>
<arg>${SPACE}</arg>
<doc>Removes all ``removables`` from the given ``string``.</doc>
<status status="NOT RUN" start="2025-04-29T14:48:15.723127" elapsed="0.000877"/>
</kw>
<kw name="Run Keyword And Return Status" owner="BuiltIn">
<var>${rtn}</var>
<arg>Evaluate JavaScript</arg>
<arg>${None}</arg>
<arg>${path}.checkVisibility();</arg>
<doc>Runs the given keyword with given arguments and returns the status as a Boolean value.</doc>
<status status="NOT RUN" start="2025-04-29T14:48:15.725964" elapsed="0.001238"/>
</kw>
<if>
<branch type="IF" condition="${rtn}==${True}">
<kw name="Exit For Loop" owner="BuiltIn">
<doc>Stops executing the enclosing FOR loop.</doc>
<status status="NOT RUN" start="2025-04-29T14:48:15.729812" elapsed="0.000916"/>
</kw>
<status status="NOT RUN" start="2025-04-29T14:48:15.728525" elapsed="0.002841"/>
</branch>
<status status="NOT RUN" start="2025-04-29T14:48:15.728375" elapsed="0.003554"/>
</if>
<var name="${index}"/>
<status status="NOT RUN" start="2025-04-29T14:48:15.718182" elapsed="0.013938"/>
</iter>
<var>${index}</var>
<value>0</value>
<value>${count}</value>
<status status="NOT RUN" start="2025-04-29T14:48:15.716831" elapsed="0.016203"/>
</for>
<status status="NOT RUN" start="2025-04-29T14:48:15.715332" elapsed="0.018154"/>
</branch>
<branch type="ELSE">
<kw name="Set Variable" owner="BuiltIn">
<msg time="2025-04-29T14:48:15.736793" level="INFO">${path} = document.querySelector('ion-datetime#datetimeQuotation').shadowRoot.querySelector('.calendar-month:nth-child(2)').querySelector('[data-day="22"]')</msg>
<var>${path}</var>
<arg>${locator}</arg>
<doc>Returns the given values which can then be assigned to a variables.</doc>
<status status="PASS" start="2025-04-29T14:48:15.734663" elapsed="0.002860"/>
</kw>
<status status="PASS" start="2025-04-29T14:48:15.733924" elapsed="0.004247"/>
</branch>
<status status="PASS" start="2025-04-29T14:48:15.715149" elapsed="0.023406"/>
</if>
<kw name="Evaluate JavaScript" owner="Browser">
<msg time="2025-04-29T14:48:15.756612" level="INFO">JavaScript executed successfully.</msg>
<arg>${None}</arg>
<arg>${path}.click();</arg>
<tag>Getter</tag>
<tag>PageContent</tag>
<tag>Setter</tag>
<doc>Executes given javascript on the selected element(s) or on page.</doc>
<status status="PASS" start="2025-04-29T14:48:15.739111" elapsed="0.018050"/>
</kw>
<arg>document.querySelector('ion-datetime#datetimeQuotation').shadowRoot.querySelector('.calendar-month:nth-child(2)').querySelector('[data-day="${day}"]')</arg>
<status status="PASS" start="2025-04-29T14:48:14.701614" elapsed="1.055842"/>
</kw>
<arg>${day}</arg>
<status status="PASS" start="2025-04-29T14:48:14.196589" elapsed="1.561113"/>
</kw>
<kw name="Sleep" owner="BuiltIn">
<msg time="2025-04-29T14:48:16.758779" level="INFO">Slept 1 second.</msg>
<arg>1s</arg>
<doc>Pauses the test executed for the given time.</doc>
<status status="PASS" start="2025-04-29T14:48:15.758052" elapsed="1.001779"/>
</kw>
<kw name="Click" owner="Browser">
<msg time="2025-04-29T14:48:16.762133" level="INFO">Clicks the element '//ion-datetime[@id="datetimeQuotation"]//ion-button[text()="ตกลง"]'.</msg>
<arg>//ion-datetime[@id="datetimeQuotation"]//ion-button[text()="ตกลง"]</arg>
<tag>PageContent</tag>
<tag>Setter</tag>
<doc>Simulates mouse click on the element found by ``selector``.</doc>
<status status="PASS" start="2025-04-29T14:48:16.760683" elapsed="0.131112"/>
</kw>
<arg>22</arg>
<arg>03</arg>
<arg>2528</arg>
<doc>เลือกวัน,เดือน,ปีเกิด</doc>
<status status="PASS" start="2025-04-29T14:48:08.878940" elapsed="8.013162"/>
</kw>
<kw name="Input Telno" owner="Quotation">
<kw name="Sleep" owner="BuiltIn">
<msg time="2025-04-29T14:48:18.893600" level="INFO">Slept 2 seconds.</msg>
<arg>2s</arg>
<doc>Pauses the test executed for the given time.</doc>
<status status="PASS" start="2025-04-29T14:48:16.893153" elapsed="2.001040"/>
</kw>
<kw name="Type Text" owner="Browser">
<msg time="2025-04-29T14:48:18.896586" level="INFO">Types the text '0992263861' in the given field.</msg>
<arg>//*[@formcontrolname="phoneNumber"]</arg>
<arg>${telno}</arg>
<tag>PageContent</tag>
<tag>Setter</tag>
<doc>Types the given ``txt`` into the text field found by ``selector``.</doc>
<status status="PASS" start="2025-04-29T14:48:18.894829" elapsed="0.136105"/>
</kw>
<arg>0992263861</arg>
<status status="PASS" start="2025-04-29T14:48:16.892631" elapsed="2.138649"/>
</kw>
<kw name="Input Referral Code" owner="Quotation">
<if>
<branch type="IF" condition="&quot;${code}&quot;==&quot;ไม่มี&quot;">
<kw name="Click" owner="Browser">
<msg time="2025-04-29T14:48:19.033508" level="INFO">Clicks the element '//*[@id="quotation.refCode"]//ion-checkbox[text()="ไม่มี"]'.</msg>
<arg>//*[@id="quotation.refCode"]//ion-checkbox[text()="ไม่มี"]</arg>
<tag>PageContent</tag>
<tag>Setter</tag>
<doc>Simulates mouse click on the element found by ``selector``.</doc>
<status status="PASS" start="2025-04-29T14:48:19.032856" elapsed="0.079597"/>
</kw>
<status status="PASS" start="2025-04-29T14:48:19.032417" elapsed="0.080356"/>
</branch>
<branch type="ELSE">
<kw name="Click" owner="Browser">
<arg>//*[@id="quotation.refCode"]//ion-checkbox[text()="มี"]</arg>
<tag>PageContent</tag>
<tag>Setter</tag>
<doc>Simulates mouse click on the element found by ``selector``.</doc>
<status status="NOT RUN" start="2025-04-29T14:48:19.113326" elapsed="0.000177"/>
</kw>
<kw name="Type Text" owner="Browser">
<arg>//*[@formcontrolname="code"]</arg>
<arg>${code}</arg>
<tag>PageContent</tag>
<tag>Setter</tag>
<doc>Types the given ``txt`` into the text field found by ``selector``.</doc>
<status status="NOT RUN" start="2025-04-29T14:48:19.113774" elapsed="0.000153"/>
</kw>
<status status="NOT RUN" start="2025-04-29T14:48:19.112919" elapsed="0.001153"/>
</branch>
<status status="PASS" start="2025-04-29T14:48:19.032378" elapsed="0.081810"/>
</if>
<arg>ไม่มี</arg>
<status status="PASS" start="2025-04-29T14:48:19.031867" elapsed="0.082420"/>
</kw>
<kw name="Go Next Page" owner="Quotation">
<kw name="Click" owner="Browser">
<msg time="2025-04-29T14:48:19.115807" level="INFO">Clicks the element '//ion-fab-button[contains(text(),"ถัดไป")]'.</msg>
<arg>//ion-fab-button[contains(text(),"ถัดไป")]</arg>
<tag>PageContent</tag>
<tag>Setter</tag>
<doc>Simulates mouse click on the element found by ``selector``.</doc>
<status status="PASS" start="2025-04-29T14:48:19.115192" elapsed="0.183097"/>
</kw>
<status status="PASS" start="2025-04-29T14:48:19.114675" elapsed="0.183995"/>
</kw>
<kw name="Select Occupation" owner="Quotation">
<kw name="Type Text" owner="Browser">
<msg time="2025-04-29T14:48:19.303913" level="INFO">Types the text 'เจ้าของโรงงาน / บริหารกิจการ' in the given field.</msg>
<arg>//app-plancode//label[contains(text(),"อาชีพ")]//following-sibling::app-autocomplete//input</arg>
<arg>${occ}</arg>
<tag>PageContent</tag>
<tag>Setter</tag>
<doc>Types the given ``txt`` into the text field found by ``selector``.</doc>
<status status="PASS" start="2025-04-29T14:48:19.300969" elapsed="0.705088"/>
</kw>
<kw name="Click" owner="Browser">
<msg time="2025-04-29T14:48:20.007548" level="INFO">Clicks the element '//div[@class="ddl-autocomplete"]//label[text()="เจ้าของโรงงาน / บริหารกิจการ"]'.</msg>
<arg>//div[@class="ddl-autocomplete"]//label[text()="${occ}"]</arg>
<tag>PageContent</tag>
<tag>Setter</tag>
<doc>Simulates mouse click on the element found by ``selector``.</doc>
<status status="PASS" start="2025-04-29T14:48:20.006559" elapsed="0.082829"/>
</kw>
<arg>เจ้าของโรงงาน / บริหารกิจการ</arg>
<status status="PASS" start="2025-04-29T14:48:19.299549" elapsed="0.790446"/>
</kw>
<kw name="Select Plan" owner="Quotation">
<kw name="Click" owner="Browser">
<msg time="2025-04-29T14:48:20.095009" level="INFO">Clicks the element '//app-plancode//button[@id="quotation.planList.ol.display"]//ion-checkbox'.</msg>
<arg>//app-plancode//button[@id="quotation.planList.ol.display"]//ion-checkbox</arg>
<tag>PageContent</tag>
<tag>Setter</tag>
<doc>Simulates mouse click on the element found by ``selector``.</doc>
<status status="PASS" start="2025-04-29T14:48:20.093297" elapsed="0.138889"/>
</kw>
<kw name="Type Text" owner="Browser">
<msg time="2025-04-29T14:48:20.233584" level="INFO">Types the text 'GI64' in the given field.</msg>
<arg>//app-plancode//label[contains(text(),"แบบประกัน")]//following-sibling::app-autocomplete//input</arg>
<arg>${plancode}</arg>
<tag>PageContent</tag>
<tag>Setter</tag>
<doc>Types the given ``txt`` into the text field found by ``selector``.</doc>
<status status="PASS" start="2025-04-29T14:48:20.232707" elapsed="1.449383"/>
</kw>
<kw name="Click" owner="Browser">
<msg time="2025-04-29T14:48:21.684352" level="INFO">Clicks the element '//div[@class="ddl-autocomplete"]//label[contains(text(),"GI64")]'.</msg>
<arg>//div[@class="ddl-autocomplete"]//label[contains(text(),"${plancode}")]</arg>
<tag>PageContent</tag>
<tag>Setter</tag>
<doc>Simulates mouse click on the element found by ``selector``.</doc>
<status status="PASS" start="2025-04-29T14:48:21.682604" elapsed="0.113915"/>
</kw>
<arg>GI64</arg>
<status status="PASS" start="2025-04-29T14:48:20.091358" elapsed="1.705571"/>
</kw>
<kw name="Go Next Page" owner="Quotation">
<kw name="Click" owner="Browser">
<msg time="2025-04-29T14:48:21.798750" level="INFO">Clicks the element '//ion-fab-button[contains(text(),"ถัดไป")]'.</msg>
<arg>//ion-fab-button[contains(text(),"ถัดไป")]</arg>
<tag>PageContent</tag>
<tag>Setter</tag>
<doc>Simulates mouse click on the element found by ``selector``.</doc>
<status status="PASS" start="2025-04-29T14:48:21.798113" elapsed="0.413286"/>
</kw>
<status status="PASS" start="2025-04-29T14:48:21.797479" elapsed="0.414291"/>
</kw>
<kw name="Input Sum Insured" owner="Quotation">
<kw name="Click" owner="Browser">
<msg time="2025-04-29T14:48:22.213768" level="INFO">Clicks the element '//app-plan-detail//input[@id="calType1"]'.</msg>
<arg>//app-plan-detail//input[@id="calType1"]</arg>
<tag>PageContent</tag>
<tag>Setter</tag>
<doc>Simulates mouse click on the element found by ``selector``.</doc>
<status status="PASS" start="2025-04-29T14:48:22.213061" elapsed="0.531928"/>
</kw>
<kw name="Type Text" owner="Browser">
<msg time="2025-04-29T14:48:22.746296" level="INFO">Types the text '30000000' in the given field.</msg>
<arg>//*[@formcontrolname="premium"]</arg>
<arg>${insured}00</arg>
<tag>PageContent</tag>
<tag>Setter</tag>
<doc>Types the given ``txt`` into the text field found by ``selector``.</doc>
<status status="PASS" start="2025-04-29T14:48:22.745501" elapsed="0.099380"/>
</kw>
<kw name="Click" owner="Browser">
<msg time="2025-04-29T14:48:22.846115" level="INFO">Clicks the element '//button[contains(text(),"คำนวณ")]'.</msg>
<arg>//button[contains(text(),"คำนวณ")]</arg>
<tag>PageContent</tag>
<tag>Setter</tag>
<doc>Simulates mouse click on the element found by ``selector``.</doc>
<status status="PASS" start="2025-04-29T14:48:22.845379" elapsed="0.099203"/>
</kw>
<arg>300000</arg>
<status status="PASS" start="2025-04-29T14:48:22.212333" elapsed="0.732639"/>
</kw>
<kw name="Go Next Page" owner="Quotation">
<kw name="Click" owner="Browser">
<msg time="2025-04-29T14:48:22.947630" level="INFO">Clicks the element '//ion-fab-button[contains(text(),"ถัดไป")]'.</msg>
<arg>//ion-fab-button[contains(text(),"ถัดไป")]</arg>
<tag>PageContent</tag>
<tag>Setter</tag>
<doc>Simulates mouse click on the element found by ``selector``.</doc>
<status status="PASS" start="2025-04-29T14:48:22.946803" elapsed="0.600831"/>
</kw>
<status status="PASS" start="2025-04-29T14:48:22.945910" elapsed="0.602168"/>
</kw>
<kw name="Go Next Page" owner="Quotation">
<kw name="Click" owner="Browser">
<msg time="2025-04-29T14:48:23.550183" level="INFO">Clicks the element '//ion-fab-button[contains(text(),"ถัดไป")]'.</msg>
<arg>//ion-fab-button[contains(text(),"ถัดไป")]</arg>
<tag>PageContent</tag>
<tag>Setter</tag>
<doc>Simulates mouse click on the element found by ``selector``.</doc>
<status status="PASS" start="2025-04-29T14:48:23.549420" elapsed="2.194291"/>
</kw>
<status status="PASS" start="2025-04-29T14:48:23.548656" elapsed="2.195721"/>
</kw>
<kw name="Verify Quotation" owner="Quotation">
<kw name="Click Element by javascript" owner="CommonKeywords">
<kw name="Sleep" owner="BuiltIn">
<msg time="2025-04-29T14:48:26.747458" level="INFO">Slept 1 second.</msg>
<arg>1s</arg>
<doc>Pauses the test executed for the given time.</doc>
<status status="PASS" start="2025-04-29T14:48:25.746711" elapsed="1.001901"/>
</kw>
<kw name="Split String" owner="String">
<msg time="2025-04-29T14:48:26.752724" level="INFO">@{locator1} = [ document.querySelector('app-step-form-quotation-main').querySelector('ion-fab-button:nth-child(2)').shadowRoot.querySelector('button') ]</msg>
<var>@{locator1}</var>
<arg>${locator}</arg>
<arg>|</arg>
<doc>Splits the ``string`` using ``separator`` as a delimiter string.</doc>
<status status="PASS" start="2025-04-29T14:48:26.749861" elapsed="0.004283"/>
</kw>
<kw name="Get Length" owner="BuiltIn">
<msg time="2025-04-29T14:48:26.757079" level="INFO">Length is 1.</msg>
<msg time="2025-04-29T14:48:26.758074" level="INFO">${count} = 1</msg>
<var>${count}</var>
<arg>${locator1}</arg>
<doc>Returns and logs the length of the given item as an integer.</doc>
<status status="PASS" start="2025-04-29T14:48:26.755582" elapsed="0.003491"/>
</kw>
<if>
<branch type="IF" condition="${count}&gt;1">
<for flavor="IN RANGE">
<iter>
<kw name="Log" owner="BuiltIn">
<arg>${locator1}[${index}]</arg>
<doc>Logs the given message with the given level.</doc>
<status status="NOT RUN" start="2025-04-29T14:48:26.763610" elapsed="0.001117"/>
</kw>
<kw name="Remove String" owner="String">
<var>${path}</var>
<arg>${locator1}[${index}]</arg>
<arg>${SPACE}</arg>
<doc>Removes all ``removables`` from the given ``string``.</doc>
<status status="NOT RUN" start="2025-04-29T14:48:26.765938" elapsed="0.000727"/>
</kw>
<kw name="Run Keyword And Return Status" owner="BuiltIn">
<var>${rtn}</var>
<arg>Evaluate JavaScript</arg>
<arg>${None}</arg>
<arg>${path}.checkVisibility();</arg>
<doc>Runs the given keyword with given arguments and returns the status as a Boolean value.</doc>
<status status="NOT RUN" start="2025-04-29T14:48:26.768692" elapsed="0.001561"/>
</kw>
<if>
<branch type="IF" condition="${rtn}==${True}">
<kw name="Exit For Loop" owner="BuiltIn">
<doc>Stops executing the enclosing FOR loop.</doc>
<status status="NOT RUN" start="2025-04-29T14:48:26.773138" elapsed="0.000438"/>
</kw>
<status status="NOT RUN" start="2025-04-29T14:48:26.771620" elapsed="0.002358"/>
</branch>
<status status="NOT RUN" start="2025-04-29T14:48:26.771462" elapsed="0.002840"/>
</if>
<var name="${index}"/>
<status status="NOT RUN" start="2025-04-29T14:48:26.762597" elapsed="0.011815"/>
</iter>
<var>${index}</var>
<value>0</value>
<value>${count}</value>
<status status="NOT RUN" start="2025-04-29T14:48:26.761541" elapsed="0.013560"/>
</for>
<status status="NOT RUN" start="2025-04-29T14:48:26.760329" elapsed="0.015448"/>
</branch>
<branch type="ELSE">
<kw name="Set Variable" owner="BuiltIn">
<msg time="2025-04-29T14:48:26.777986" level="INFO">${path} = document.querySelector('app-step-form-quotation-main').querySelector('ion-fab-button:nth-child(2)').shadowRoot.querySelector('button')</msg>
<var>${path}</var>
<arg>${locator}</arg>
<doc>Returns the given values which can then be assigned to a variables.</doc>
<status status="PASS" start="2025-04-29T14:48:26.776950" elapsed="0.001349"/>
</kw>
<status status="PASS" start="2025-04-29T14:48:26.776130" elapsed="0.002446"/>
</branch>
<status status="PASS" start="2025-04-29T14:48:26.760167" elapsed="0.018624"/>
</if>
<kw name="Evaluate JavaScript" owner="Browser">
<msg time="2025-04-29T14:48:26.829977" level="INFO">JavaScript executed successfully.</msg>
<arg>${None}</arg>
<arg>${path}.click();</arg>
<tag>Getter</tag>
<tag>PageContent</tag>
<tag>Setter</tag>
<doc>Executes given javascript on the selected element(s) or on page.</doc>
<status status="PASS" start="2025-04-29T14:48:26.779115" elapsed="0.051422"/>
</kw>
<arg>document.querySelector('app-step-form-quotation-main').querySelector('ion-fab-button:nth-child(2)').shadowRoot.querySelector('button')</arg>
<status status="PASS" start="2025-04-29T14:48:25.746093" elapsed="1.084820"/>
</kw>
<status status="PASS" start="2025-04-29T14:48:25.745137" elapsed="1.086213"/>
</kw>
<kw name="Go Next MainPage" owner="Quotation">
<kw name="Click" owner="Browser">
<msg time="2025-04-29T14:48:26.834338" level="INFO">Clicks the element '//*[@id="header"]/ion-toolbar[2]/ion-segment/ion-segment-button[1]'.</msg>
<arg>//*[@id="header"]/ion-toolbar[2]/ion-segment/ion-segment-button[1]</arg>
<tag>PageContent</tag>
<tag>Setter</tag>
<doc>Simulates mouse click on the element found by ``selector``.</doc>
<status status="PASS" start="2025-04-29T14:48:26.833201" elapsed="1.357225"/>
</kw>
<status status="PASS" start="2025-04-29T14:48:26.832236" elapsed="1.358946"/>
</kw>
<msg time="2025-04-29T14:48:28.259770" level="INFO">Switching context to context=b547d5f2-0b18-4060-a3a9-63faf77aa37b in CURRENT</msg>
<msg time="2025-04-29T14:48:28.286917" level="INFO">Successfully changed active context: context=b547d5f2-0b18-4060-a3a9-63faf77aa37b</msg>
<msg time="2025-04-29T14:48:28.295919" level="INFO">Switching browser to CURRENT</msg>
<msg time="2025-04-29T14:48:28.301656" level="INFO">Returned active browser id. CURRENT</msg>
<msg time="2025-04-29T14:48:28.303860" level="INFO">Switching browser to browser=386d27c9-3fbb-4f7e-9a88-393cf63d1a82</msg>
<msg time="2025-04-29T14:48:28.309215" level="INFO">Successfully changed active browser: browser=386d27c9-3fbb-4f7e-9a88-393cf63d1a82</msg>
<msg time="2025-04-29T14:48:28.310477" level="INFO">Switching context to CURRENT in CURRENT</msg>
<msg time="2025-04-29T14:48:28.315696" level="INFO">Returned active context id: CURRENT</msg>
<msg time="2025-04-29T14:48:28.320687" level="INFO">Switching context to context=b547d5f2-0b18-4060-a3a9-63faf77aa37b in CURRENT</msg>
<msg time="2025-04-29T14:48:28.338255" level="INFO">Successfully changed active context: context=b547d5f2-0b18-4060-a3a9-63faf77aa37b</msg>
<msg time="2025-04-29T14:48:28.378303" level="INFO">Successfully closed Context</msg>
<status status="PASS" start="2025-04-29T14:46:28.162969" elapsed="120.029401"/>
</test>
<status status="PASS" start="2025-04-29T14:46:27.619874" elapsed="120.760717"/>
</suite>
<statistics>
<total>
<stat pass="1" fail="0" skip="0">All Tests</stat>
</total>
<tag>
</tag>
<suite>
<stat name="E Selling Case" id="s1" pass="1" fail="0" skip="0">E Selling Case</stat>
</suite>
</statistics>
<errors>
</errors>
</robot>
